{"numFailedTestSuites":0,"numFailedTests":0,"numPassedTestSuites":1,"numPassedTests":3,"numPendingTestSuites":0,"numPendingTests":0,"numRuntimeErrorTestSuites":0,"numTodoTests":0,"numTotalTestSuites":1,"numTotalTests":3,"openHandles":[],"snapshot":{"added":0,"didUpdate":false,"failure":false,"filesAdded":0,"filesRemoved":0,"filesRemovedList":[],"filesUnmatched":0,"filesUpdated":0,"matched":0,"total":0,"unchecked":0,"uncheckedKeysByFile":[],"unmatched":0,"updated":0},"startTime":1779140456345,"success":true,"testResults":[{"assertionResults":[{"ancestorTitles":["Simulation and forecasting engine"],"duration":39,"failing":false,"failureDetails":[],"failureMessages":[],"fullName":"Simulation and forecasting engine runs a schedule simulation and returns forecast impact","invocations":1,"location":null,"numPassingAsserts":5,"retryReasons":[],"startAt":1779140456806,"status":"passed","title":"runs a schedule simulation and returns forecast impact"},{"ancestorTitles":["Simulation and forecasting engine"],"duration":16,"failing":false,"failureDetails":[],"failureMessages":[],"fullName":"Simulation and forecasting engine runs a holiday impact simulation and preserves simulation history","invocations":1,"location":null,"numPassingAsserts":8,"retryReasons":[],"startAt":1779140456847,"status":"passed","title":"runs a holiday impact simulation and preserves simulation history"},{"ancestorTitles":["Simulation and forecasting engine"],"duration":13,"failing":false,"failureDetails":[],"failureMessages":[],"fullName":"Simulation and forecasting engine returns guidance when asked to try another simulation scenario","invocations":1,"location":null,"numPassingAsserts":3,"retryReasons":[],"startAt":1779140456864,"status":"passed","title":"returns guidance when asked to try another simulation scenario"}],"endTime":1779140456879,"message":"","name":"D:\\Concordia\\Concordia-Backend\\src\\agent\\tests\\simulation.test.ts","startTime":1779140456582,"status":"passed","summary":""}],"wasInterrupted":false}
