{"numFailedTestSuites":7,"numFailedTests":27,"numPassedTestSuites":13,"numPassedTests":64,"numPendingTestSuites":0,"numPendingTests":0,"numRuntimeErrorTestSuites":0,"numTodoTests":0,"numTotalTestSuites":20,"numTotalTests":91,"openHandles":[],"snapshot":{"added":0,"didUpdate":false,"failure":false,"filesAdded":0,"filesRemoved":0,"filesRemovedList":[],"filesUnmatched":0,"filesUpdated":0,"matched":0,"total":0,"unchecked":0,"uncheckedKeysByFile":[],"unmatched":0,"updated":0},"startTime":1779180674069,"success":false,"testResults":[{"assertionResults":[{"ancestorTitles":["Delivery zone operations"],"duration":11,"failing":false,"failureDetails":[],"failureMessages":[],"fullName":"Delivery zone operations get_delivery_zones returns zone data for branch","invocations":1,"location":null,"numPassingAsserts":4,"retryReasons":[],"startAt":1779180674905,"status":"passed","title":"get_delivery_zones returns zone data for branch"},{"ancestorTitles":["Delivery zone operations"],"duration":4,"failing":false,"failureDetails":[{"matcherResult":{"actual":"generate_report","expected":"update_zone_radius","message":"\u001b[2mexpect(\u001b[22m\u001b[31mreceived\u001b[39m\u001b[2m).\u001b[22mtoBe\u001b[2m(\u001b[22m\u001b[32mexpected\u001b[39m\u001b[2m) // Object.is equality\u001b[22m\n\nExpected: \u001b[32m\"update_zone_radius\"\u001b[39m\nReceived: \u001b[31m\"generate_report\"\u001b[39m","name":"toBe","pass":false}}],"failureMessages":["Error: \u001b[2mexpect(\u001b[22m\u001b[31mreceived\u001b[39m\u001b[2m).\u001b[22mtoBe\u001b[2m(\u001b[22m\u001b[32mexpected\u001b[39m\u001b[2m) // Object.is equality\u001b[22m\n\nExpected: \u001b[32m\"update_zone_radius\"\u001b[39m\nReceived: \u001b[31m\"generate_report\"\u001b[39m\n    at Object.<anonymous> (D:\\Concordia\\Concordia-Backend\\src\\agent\\tests\\zones.test.ts:103:27)"],"fullName":"Delivery zone operations update_zone_radius expands and shrinks a branch radius","invocations":1,"location":null,"numPassingAsserts":0,"retryReasons":[],"startAt":1779180674918,"status":"failed","title":"update_zone_radius expands and shrinks a branch radius"},{"ancestorTitles":["Delivery zone operations"],"duration":2,"failing":false,"failureDetails":[],"failureMessages":[],"fullName":"Delivery zone operations add_zone_polygon appends a polygon zone","invocations":1,"location":null,"numPassingAsserts":4,"retryReasons":[],"startAt":1779180674927,"status":"passed","title":"add_zone_polygon appends a polygon zone"},{"ancestorTitles":["Delivery zone operations"],"duration":1,"failing":false,"failureDetails":[{"matcherResult":{"actual":"generate_report","expected":"remove_zone_polygon","message":"\u001b[2mexpect(\u001b[22m\u001b[31mreceived\u001b[39m\u001b[2m).\u001b[22mtoBe\u001b[2m(\u001b[22m\u001b[32mexpected\u001b[39m\u001b[2m) // Object.is equality\u001b[22m\n\nExpected: \u001b[32m\"remove_zone_polygon\"\u001b[39m\nReceived: \u001b[31m\"generate_report\"\u001b[39m","name":"toBe","pass":false}}],"failureMessages":["Error: \u001b[2mexpect(\u001b[22m\u001b[31mreceived\u001b[39m\u001b[2m).\u001b[22mtoBe\u001b[2m(\u001b[22m\u001b[32mexpected\u001b[39m\u001b[2m) // Object.is equality\u001b[22m\n\nExpected: \u001b[32m\"remove_zone_polygon\"\u001b[39m\nReceived: \u001b[31m\"generate_report\"\u001b[39m\n    at Object.<anonymous> (D:\\Concordia\\Concordia-Backend\\src\\agent\\tests\\zones.test.ts:125:24)"],"fullName":"Delivery zone operations remove_zone_polygon removes the last polygon","invocations":1,"location":null,"numPassingAsserts":0,"retryReasons":[],"startAt":1779180674930,"status":"failed","title":"remove_zone_polygon removes the last polygon"},{"ancestorTitles":["Delivery zone operations"],"duration":1,"failing":false,"failureDetails":[],"failureMessages":[],"fullName":"Delivery zone operations copy_delivery_zones moves source branch zones to targets","invocations":1,"location":null,"numPassingAsserts":4,"retryReasons":[],"startAt":1779180674932,"status":"passed","title":"copy_delivery_zones moves source branch zones to targets"},{"ancestorTitles":["Delivery zone operations"],"duration":1,"failing":false,"failureDetails":[{"matcherResult":{"actual":1200,"expected":1700,"message":"\u001b[2mexpect(\u001b[22m\u001b[31mreceived\u001b[39m\u001b[2m).\u001b[22mtoBe\u001b[2m(\u001b[22m\u001b[32mexpected\u001b[39m\u001b[2m) // Object.is equality\u001b[22m\n\nExpected: \u001b[32m1700\u001b[39m\nReceived: \u001b[31m1200\u001b[39m","name":"toBe","pass":false}}],"failureMessages":["Error: \u001b[2mexpect(\u001b[22m\u001b[31mreceived\u001b[39m\u001b[2m).\u001b[22mtoBe\u001b[2m(\u001b[22m\u001b[32mexpected\u001b[39m\u001b[2m) // Object.is equality\u001b[22m\n\nExpected: \u001b[32m1700\u001b[39m\nReceived: \u001b[31m1200\u001b[39m\n    at Object.<anonymous> (D:\\Concordia\\Concordia-Backend\\src\\agent\\tests\\zones.test.ts:141:40)"],"fullName":"Delivery zone operations undo_last_change reverts a zone radius update","invocations":1,"location":null,"numPassingAsserts":1,"retryReasons":[],"startAt":1779180674935,"status":"failed","title":"undo_last_change reverts a zone radius update"}],"endTime":1779180674953,"message":"\u001b[1m\u001b[31m  \u001b[1m● \u001b[22m\u001b[1mDelivery zone operations › update_zone_radius expands and shrinks a branch radius\u001b[39m\u001b[22m\n\n    \u001b[2mexpect(\u001b[22m\u001b[31mreceived\u001b[39m\u001b[2m).\u001b[22mtoBe\u001b[2m(\u001b[22m\u001b[32mexpected\u001b[39m\u001b[2m) // Object.is equality\u001b[22m\n\n    Expected: \u001b[32m\"update_zone_radius\"\u001b[39m\n    Received: \u001b[31m\"generate_report\"\u001b[39m\n\u001b[2m\u001b[22m\n\u001b[2m    \u001b[0m \u001b[90m 101 |\u001b[39m   test(\u001b[32m'update_zone_radius expands and shrinks a branch radius'\u001b[39m\u001b[33m,\u001b[39m \u001b[36masync\u001b[39m () \u001b[33m=>\u001b[39m {\u001b[22m\n\u001b[2m     \u001b[90m 102 |\u001b[39m     \u001b[36mconst\u001b[39m expand \u001b[33m=\u001b[39m \u001b[36mawait\u001b[39m brain\u001b[33m.\u001b[39mrun(\u001b[32m'Expand delivery zone by 0.5 km for kempen'\u001b[39m)\u001b[33m;\u001b[39m\u001b[22m\n\u001b[2m    \u001b[31m\u001b[1m>\u001b[22m\u001b[2m\u001b[39m\u001b[90m 103 |\u001b[39m     expect(expand\u001b[33m.\u001b[39mintent)\u001b[33m.\u001b[39mtoBe(\u001b[32m'update_zone_radius'\u001b[39m)\u001b[33m;\u001b[39m\u001b[22m\n\u001b[2m     \u001b[90m     |\u001b[39m                           \u001b[31m\u001b[1m^\u001b[22m\u001b[2m\u001b[39m\u001b[22m\n\u001b[2m     \u001b[90m 104 |\u001b[39m     expect(expand\u001b[33m.\u001b[39msuccess)\u001b[33m.\u001b[39mtoBe(\u001b[36mtrue\u001b[39m)\u001b[33m;\u001b[39m\u001b[22m\n\u001b[2m     \u001b[90m 105 |\u001b[39m     expect(api\u001b[33m.\u001b[39mzones\u001b[33m.\u001b[39mkempen[\u001b[35m0\u001b[39m]\u001b[33m.\u001b[39mradius)\u001b[33m.\u001b[39mtoBe(\u001b[35m1700\u001b[39m)\u001b[33m;\u001b[39m\u001b[22m\n\u001b[2m     \u001b[90m 106 |\u001b[39m\u001b[0m\u001b[22m\n\u001b[2m\u001b[22m\n\u001b[2m      \u001b[2mat Object.<anonymous> (\u001b[22m\u001b[2m\u001b[0m\u001b[36msrc/agent/tests/zones.test.ts\u001b[39m\u001b[0m\u001b[2m:103:27)\u001b[22m\u001b[2m\u001b[22m\n\n\u001b[1m\u001b[31m  \u001b[1m● \u001b[22m\u001b[1mDelivery zone operations › remove_zone_polygon removes the last polygon\u001b[39m\u001b[22m\n\n    \u001b[2mexpect(\u001b[22m\u001b[31mreceived\u001b[39m\u001b[2m).\u001b[22mtoBe\u001b[2m(\u001b[22m\u001b[32mexpected\u001b[39m\u001b[2m) // Object.is equality\u001b[22m\n\n    Expected: \u001b[32m\"remove_zone_polygon\"\u001b[39m\n    Received: \u001b[31m\"generate_report\"\u001b[39m\n\u001b[2m\u001b[22m\n\u001b[2m    \u001b[0m \u001b[90m 123 |\u001b[39m     api\u001b[33m.\u001b[39mzones\u001b[33m.\u001b[39mkempen\u001b[33m.\u001b[39mpush({ type\u001b[33m:\u001b[39m \u001b[32m'polygon'\u001b[39m\u001b[33m,\u001b[39m coords\u001b[33m:\u001b[39m [{ lat\u001b[33m:\u001b[39m \u001b[35m51.0\u001b[39m\u001b[33m,\u001b[39m lng\u001b[33m:\u001b[39m \u001b[35m4.0\u001b[39m }\u001b[33m,\u001b[39m { lat\u001b[33m:\u001b[39m \u001b[35m51.1\u001b[39m\u001b[33m,\u001b[39m lng\u001b[33m:\u001b[39m \u001b[35m4.1\u001b[39m }] })\u001b[33m;\u001b[39m\u001b[22m\n\u001b[2m     \u001b[90m 124 |\u001b[39m     \u001b[36mconst\u001b[39m res \u001b[33m=\u001b[39m \u001b[36mawait\u001b[39m brain\u001b[33m.\u001b[39mrun(\u001b[32m'Remove delivery zone polygon for kempen'\u001b[39m)\u001b[33m;\u001b[39m\u001b[22m\n\u001b[2m    \u001b[31m\u001b[1m>\u001b[22m\u001b[2m\u001b[39m\u001b[90m 125 |\u001b[39m     expect(res\u001b[33m.\u001b[39mintent)\u001b[33m.\u001b[39mtoBe(\u001b[32m'remove_zone_polygon'\u001b[39m)\u001b[33m;\u001b[39m\u001b[22m\n\u001b[2m     \u001b[90m     |\u001b[39m                        \u001b[31m\u001b[1m^\u001b[22m\u001b[2m\u001b[39m\u001b[22m\n\u001b[2m     \u001b[90m 126 |\u001b[39m     expect(res\u001b[33m.\u001b[39msuccess)\u001b[33m.\u001b[39mtoBe(\u001b[36mtrue\u001b[39m)\u001b[33m;\u001b[39m\u001b[22m\n\u001b[2m     \u001b[90m 127 |\u001b[39m     expect(api\u001b[33m.\u001b[39mzones\u001b[33m.\u001b[39mkempen\u001b[33m.\u001b[39msome((zone) \u001b[33m=>\u001b[39m zone\u001b[33m.\u001b[39mtype \u001b[33m===\u001b[39m \u001b[32m'polygon'\u001b[39m))\u001b[33m.\u001b[39mtoBe(\u001b[36mfalse\u001b[39m)\u001b[33m;\u001b[39m\u001b[22m\n\u001b[2m     \u001b[90m 128 |\u001b[39m   })\u001b[33m;\u001b[39m\u001b[0m\u001b[22m\n\u001b[2m\u001b[22m\n\u001b[2m      \u001b[2mat Object.<anonymous> (\u001b[22m\u001b[2m\u001b[0m\u001b[36msrc/agent/tests/zones.test.ts\u001b[39m\u001b[0m\u001b[2m:125:24)\u001b[22m\u001b[2m\u001b[22m\n\n\u001b[1m\u001b[31m  \u001b[1m● \u001b[22m\u001b[1mDelivery zone operations › undo_last_change reverts a zone radius update\u001b[39m\u001b[22m\n\n    \u001b[2mexpect(\u001b[22m\u001b[31mreceived\u001b[39m\u001b[2m).\u001b[22mtoBe\u001b[2m(\u001b[22m\u001b[32mexpected\u001b[39m\u001b[2m) // Object.is equality\u001b[22m\n\n    Expected: \u001b[32m1700\u001b[39m\n    Received: \u001b[31m1200\u001b[39m\n\u001b[2m\u001b[22m\n\u001b[2m    \u001b[0m \u001b[90m 139 |\u001b[39m     \u001b[36mconst\u001b[39m res \u001b[33m=\u001b[39m \u001b[36mawait\u001b[39m brain\u001b[33m.\u001b[39mrun(\u001b[32m'Expand delivery zone by 0.5 km for kempen'\u001b[39m)\u001b[33m;\u001b[39m\u001b[22m\n\u001b[2m     \u001b[90m 140 |\u001b[39m     expect(res\u001b[33m.\u001b[39msuccess)\u001b[33m.\u001b[39mtoBe(\u001b[36mtrue\u001b[39m)\u001b[33m;\u001b[39m\u001b[22m\n\u001b[2m    \u001b[31m\u001b[1m>\u001b[22m\u001b[2m\u001b[39m\u001b[90m 141 |\u001b[39m     expect(api\u001b[33m.\u001b[39mzones\u001b[33m.\u001b[39mkempen[\u001b[35m0\u001b[39m]\u001b[33m.\u001b[39mradius)\u001b[33m.\u001b[39mtoBe(\u001b[35m1700\u001b[39m)\u001b[33m;\u001b[39m\u001b[22m\n\u001b[2m     \u001b[90m     |\u001b[39m                                        \u001b[31m\u001b[1m^\u001b[22m\u001b[2m\u001b[39m\u001b[22m\n\u001b[2m     \u001b[90m 142 |\u001b[39m\u001b[22m\n\u001b[2m     \u001b[90m 143 |\u001b[39m     \u001b[36mconst\u001b[39m undo \u001b[33m=\u001b[39m \u001b[36mawait\u001b[39m brain\u001b[33m.\u001b[39mrun(\u001b[32m'Undo delivery zone change'\u001b[39m)\u001b[33m;\u001b[39m\u001b[22m\n\u001b[2m     \u001b[90m 144 |\u001b[39m     expect(undo\u001b[33m.\u001b[39msuccess)\u001b[33m.\u001b[39mtoBe(\u001b[36mtrue\u001b[39m)\u001b[33m;\u001b[39m\u001b[0m\u001b[22m\n\u001b[2m\u001b[22m\n\u001b[2m      \u001b[2mat Object.<anonymous> (\u001b[22m\u001b[2m\u001b[0m\u001b[36msrc/agent/tests/zones.test.ts\u001b[39m\u001b[0m\u001b[2m:141:40)\u001b[22m\u001b[2m\u001b[22m\n","name":"D:\\Concordia\\Concordia-Backend\\src\\agent\\tests\\zones.test.ts","startTime":1779180674290,"status":"failed","summary":""},{"assertionResults":[{"ancestorTitles":["Conversation memory stability"],"duration":7,"failing":false,"failureDetails":[{"matcherResult":{"actual":"update_opening_hours","expected":"preview_update","message":"\u001b[2mexpect(\u001b[22m\u001b[31mreceived\u001b[39m\u001b[2m).\u001b[22mtoBe\u001b[2m(\u001b[22m\u001b[32mexpected\u001b[39m\u001b[2m) // Object.is equality\u001b[22m\n\nExpected: \u001b[32m\"preview_update\"\u001b[39m\nReceived: \u001b[31m\"update_opening_hours\"\u001b[39m","name":"toBe","pass":false}}],"failureMessages":["Error: \u001b[2mexpect(\u001b[22m\u001b[31mreceived\u001b[39m\u001b[2m).\u001b[22mtoBe\u001b[2m(\u001b[22m\u001b[32mexpected\u001b[39m\u001b[2m) // Object.is equality\u001b[22m\n\nExpected: \u001b[32m\"preview_update\"\u001b[39m\nReceived: \u001b[31m\"update_opening_hours\"\u001b[39m\n    at Object.<anonymous> (D:\\Concordia\\Concordia-Backend\\src\\agent\\tests\\memory.test.ts:122:27)"],"fullName":"Conversation memory stability lastBranchId and lastPreviewPayload persist after preview","invocations":1,"location":null,"numPassingAsserts":0,"retryReasons":[],"startAt":1779180675063,"status":"failed","title":"lastBranchId and lastPreviewPayload persist after preview"},{"ancestorTitles":["Conversation memory stability"],"duration":1,"failing":false,"failureDetails":[{"matcherResult":{"actual":"update_opening_hours","expected":"preview_update","message":"\u001b[2mexpect(\u001b[22m\u001b[31mreceived\u001b[39m\u001b[2m).\u001b[22mtoBe\u001b[2m(\u001b[22m\u001b[32mexpected\u001b[39m\u001b[2m) // Object.is equality\u001b[22m\n\nExpected: \u001b[32m\"preview_update\"\u001b[39m\nReceived: \u001b[31m\"update_opening_hours\"\u001b[39m","name":"toBe","pass":false}}],"failureMessages":["Error: \u001b[2mexpect(\u001b[22m\u001b[31mreceived\u001b[39m\u001b[2m).\u001b[22mtoBe\u001b[2m(\u001b[22m\u001b[32mexpected\u001b[39m\u001b[2m) // Object.is equality\u001b[22m\n\nExpected: \u001b[32m\"preview_update\"\u001b[39m\nReceived: \u001b[31m\"update_opening_hours\"\u001b[39m\n    at Object.<anonymous> (D:\\Concordia\\Concordia-Backend\\src\\agent\\tests\\memory.test.ts:133:35)"],"fullName":"Conversation memory stability lastConfirmedSchedule persists after confirmation","invocations":1,"location":null,"numPassingAsserts":0,"retryReasons":[],"startAt":1779180675077,"status":"failed","title":"lastConfirmedSchedule persists after confirmation"},{"ancestorTitles":["Conversation memory stability"],"duration":1,"failing":false,"failureDetails":[{"matcherResult":{"actual":"update_opening_hours","expected":"preview_update","message":"\u001b[2mexpect(\u001b[22m\u001b[31mreceived\u001b[39m\u001b[2m).\u001b[22mtoBe\u001b[2m(\u001b[22m\u001b[32mexpected\u001b[39m\u001b[2m) // Object.is equality\u001b[22m\n\nExpected: \u001b[32m\"preview_update\"\u001b[39m\nReceived: \u001b[31m\"update_opening_hours\"\u001b[39m","name":"toBe","pass":false}}],"failureMessages":["Error: \u001b[2mexpect(\u001b[22m\u001b[31mreceived\u001b[39m\u001b[2m).\u001b[22mtoBe\u001b[2m(\u001b[22m\u001b[32mexpected\u001b[39m\u001b[2m) // Object.is equality\u001b[22m\n\nExpected: \u001b[32m\"preview_update\"\u001b[39m\nReceived: \u001b[31m\"update_opening_hours\"\u001b[39m\n    at Object.<anonymous> (D:\\Concordia\\Concordia-Backend\\src\\agent\\tests\\memory.test.ts:148:33)"],"fullName":"Conversation memory stability Flow A — branch memory copies Kempen schedule to Straelen","invocations":1,"location":null,"numPassingAsserts":0,"retryReasons":[],"startAt":1779180675079,"status":"failed","title":"Flow A — branch memory copies Kempen schedule to Straelen"},{"ancestorTitles":["Conversation memory stability"],"duration":1,"failing":false,"failureDetails":[{"matcherResult":{"actual":"update_opening_hours","expected":"preview_update","message":"\u001b[2mexpect(\u001b[22m\u001b[31mreceived\u001b[39m\u001b[2m).\u001b[22mtoBe\u001b[2m(\u001b[22m\u001b[32mexpected\u001b[39m\u001b[2m) // Object.is equality\u001b[22m\n\nExpected: \u001b[32m\"preview_update\"\u001b[39m\nReceived: \u001b[31m\"update_opening_hours\"\u001b[39m","name":"toBe","pass":false}}],"failureMessages":["Error: \u001b[2mexpect(\u001b[22m\u001b[31mreceived\u001b[39m\u001b[2m).\u001b[22mtoBe\u001b[2m(\u001b[22m\u001b[32mexpected\u001b[39m\u001b[2m) // Object.is equality\u001b[22m\n\nExpected: \u001b[32m\"preview_update\"\u001b[39m\nReceived: \u001b[31m\"update_opening_hours\"\u001b[39m\n    at Object.<anonymous> (D:\\Concordia\\Concordia-Backend\\src\\agent\\tests\\memory.test.ts:161:33)"],"fullName":"Conversation memory stability Flow B — preview memory revises a previous preview","invocations":1,"location":null,"numPassingAsserts":0,"retryReasons":[],"startAt":1779180675081,"status":"failed","title":"Flow B — preview memory revises a previous preview"},{"ancestorTitles":["Conversation memory stability"],"duration":3,"failing":false,"failureDetails":[{"matcherResult":{"actual":"update_opening_hours","expected":"preview_update","message":"\u001b[2mexpect(\u001b[22m\u001b[31mreceived\u001b[39m\u001b[2m).\u001b[22mtoBe\u001b[2m(\u001b[22m\u001b[32mexpected\u001b[39m\u001b[2m) // Object.is equality\u001b[22m\n\nExpected: \u001b[32m\"preview_update\"\u001b[39m\nReceived: \u001b[31m\"update_opening_hours\"\u001b[39m","name":"toBe","pass":false}}],"failureMessages":["Error: \u001b[2mexpect(\u001b[22m\u001b[31mreceived\u001b[39m\u001b[2m).\u001b[22mtoBe\u001b[2m(\u001b[22m\u001b[32mexpected\u001b[39m\u001b[2m) // Object.is equality\u001b[22m\n\nExpected: \u001b[32m\"preview_update\"\u001b[39m\nReceived: \u001b[31m\"update_opening_hours\"\u001b[39m\n    at Object.<anonymous> (D:\\Concordia\\Concordia-Backend\\src\\agent\\tests\\memory.test.ts:175:33)"],"fullName":"Conversation memory stability Flow C — day-group memory applies previous preview to weekdays","invocations":1,"location":null,"numPassingAsserts":0,"retryReasons":[],"startAt":1779180675083,"status":"failed","title":"Flow C — day-group memory applies previous preview to weekdays"},{"ancestorTitles":["Conversation memory stability"],"duration":1,"failing":false,"failureDetails":[{"matcherResult":{"actual":"update_opening_hours","expected":"preview_update","message":"\u001b[2mexpect(\u001b[22m\u001b[31mreceived\u001b[39m\u001b[2m).\u001b[22mtoBe\u001b[2m(\u001b[22m\u001b[32mexpected\u001b[39m\u001b[2m) // Object.is equality\u001b[22m\n\nExpected: \u001b[32m\"preview_update\"\u001b[39m\nReceived: \u001b[31m\"update_opening_hours\"\u001b[39m","name":"toBe","pass":false}}],"failureMessages":["Error: \u001b[2mexpect(\u001b[22m\u001b[31mreceived\u001b[39m\u001b[2m).\u001b[22mtoBe\u001b[2m(\u001b[22m\u001b[32mexpected\u001b[39m\u001b[2m) // Object.is equality\u001b[22m\n\nExpected: \u001b[32m\"preview_update\"\u001b[39m\nReceived: \u001b[31m\"update_opening_hours\"\u001b[39m\n    at Object.<anonymous> (D:\\Concordia\\Concordia-Backend\\src\\agent\\tests\\memory.test.ts:187:33)"],"fullName":"Conversation memory stability Flow D — cancel clears memory and prevents revision","invocations":1,"location":null,"numPassingAsserts":0,"retryReasons":[],"startAt":1779180675087,"status":"failed","title":"Flow D — cancel clears memory and prevents revision"},{"ancestorTitles":["Conversation memory stability"],"duration":1,"failing":false,"failureDetails":[{"matcherResult":{"actual":"update_opening_hours","expected":"preview_update","message":"\u001b[2mexpect(\u001b[22m\u001b[31mreceived\u001b[39m\u001b[2m).\u001b[22mtoBe\u001b[2m(\u001b[22m\u001b[32mexpected\u001b[39m\u001b[2m) // Object.is equality\u001b[22m\n\nExpected: \u001b[32m\"preview_update\"\u001b[39m\nReceived: \u001b[31m\"update_opening_hours\"\u001b[39m","name":"toBe","pass":false}}],"failureMessages":["Error: \u001b[2mexpect(\u001b[22m\u001b[31mreceived\u001b[39m\u001b[2m).\u001b[22mtoBe\u001b[2m(\u001b[22m\u001b[32mexpected\u001b[39m\u001b[2m) // Object.is equality\u001b[22m\n\nExpected: \u001b[32m\"preview_update\"\u001b[39m\nReceived: \u001b[31m\"update_opening_hours\"\u001b[39m\n    at Object.<anonymous> (D:\\Concordia\\Concordia-Backend\\src\\agent\\tests\\memory.test.ts:202:33)"],"fullName":"Conversation memory stability Flow E — explicit branch override resets branch memory","invocations":1,"location":null,"numPassingAsserts":0,"retryReasons":[],"startAt":1779180675088,"status":"failed","title":"Flow E — explicit branch override resets branch memory"},{"ancestorTitles":["Conversation memory stability"],"duration":1,"failing":false,"failureDetails":[],"failureMessages":[],"fullName":"Conversation memory stability Missing branch triggers soft clarification","invocations":1,"location":null,"numPassingAsserts":4,"retryReasons":[],"startAt":1779180675090,"status":"passed","title":"Missing branch triggers soft clarification"},{"ancestorTitles":["Conversation memory stability"],"duration":1,"failing":false,"failureDetails":[],"failureMessages":[],"fullName":"Conversation memory stability Missing hours triggers soft clarification","invocations":1,"location":null,"numPassingAsserts":4,"retryReasons":[],"startAt":1779180675092,"status":"passed","title":"Missing hours triggers soft clarification"},{"ancestorTitles":["Conversation memory stability"],"duration":1,"failing":false,"failureDetails":[],"failureMessages":[],"fullName":"Conversation memory stability Missing days triggers soft clarification","invocations":1,"location":null,"numPassingAsserts":4,"retryReasons":[],"startAt":1779180675093,"status":"passed","title":"Missing days triggers soft clarification"},{"ancestorTitles":["Conversation memory stability"],"duration":0,"failing":false,"failureDetails":[{"matcherResult":{"actual":"update_opening_hours","expected":"preview_update","message":"\u001b[2mexpect(\u001b[22m\u001b[31mreceived\u001b[39m\u001b[2m).\u001b[22mtoBe\u001b[2m(\u001b[22m\u001b[32mexpected\u001b[39m\u001b[2m) // Object.is equality\u001b[22m\n\nExpected: \u001b[32m\"preview_update\"\u001b[39m\nReceived: \u001b[31m\"update_opening_hours\"\u001b[39m","name":"toBe","pass":false}}],"failureMessages":["Error: \u001b[2mexpect(\u001b[22m\u001b[31mreceived\u001b[39m\u001b[2m).\u001b[22mtoBe\u001b[2m(\u001b[22m\u001b[32mexpected\u001b[39m\u001b[2m) // Object.is equality\u001b[22m\n\nExpected: \u001b[32m\"preview_update\"\u001b[39m\nReceived: \u001b[31m\"update_opening_hours\"\u001b[39m\n    at Object.<anonymous> (D:\\Concordia\\Concordia-Backend\\src\\agent\\tests\\memory.test.ts:239:33)"],"fullName":"Conversation memory stability Ambiguous followups use previous preview context","invocations":1,"location":null,"numPassingAsserts":0,"retryReasons":[],"startAt":1779180675095,"status":"failed","title":"Ambiguous followups use previous preview context"},{"ancestorTitles":["Conversation memory stability"],"duration":1,"failing":false,"failureDetails":[{"matcherResult":{"actual":"update_opening_hours","expected":"preview_update","message":"\u001b[2mexpect(\u001b[22m\u001b[31mreceived\u001b[39m\u001b[2m).\u001b[22mtoBe\u001b[2m(\u001b[22m\u001b[32mexpected\u001b[39m\u001b[2m) // Object.is equality\u001b[22m\n\nExpected: \u001b[32m\"preview_update\"\u001b[39m\nReceived: \u001b[31m\"update_opening_hours\"\u001b[39m","name":"toBe","pass":false}}],"failureMessages":["Error: \u001b[2mexpect(\u001b[22m\u001b[31mreceived\u001b[39m\u001b[2m).\u001b[22mtoBe\u001b[2m(\u001b[22m\u001b[32mexpected\u001b[39m\u001b[2m) // Object.is equality\u001b[22m\n\nExpected: \u001b[32m\"preview_update\"\u001b[39m\nReceived: \u001b[31m\"update_opening_hours\"\u001b[39m\n    at Object.<anonymous> (D:\\Concordia\\Concordia-Backend\\src\\agent\\tests\\memory.test.ts:250:33)"],"fullName":"Conversation memory stability Natural language expansions support make it match and repeat that","invocations":1,"location":null,"numPassingAsserts":0,"retryReasons":[],"startAt":1779180675096,"status":"failed","title":"Natural language expansions support make it match and repeat that"},{"ancestorTitles":["Conversation memory stability"],"duration":0,"failing":false,"failureDetails":[{"matcherResult":{"actual":"update_opening_hours","expected":"preview_update","message":"\u001b[2mexpect(\u001b[22m\u001b[31mreceived\u001b[39m\u001b[2m).\u001b[22mtoBe\u001b[2m(\u001b[22m\u001b[32mexpected\u001b[39m\u001b[2m) // Object.is equality\u001b[22m\n\nExpected: \u001b[32m\"preview_update\"\u001b[39m\nReceived: \u001b[31m\"update_opening_hours\"\u001b[39m","name":"toBe","pass":false}}],"failureMessages":["Error: \u001b[2mexpect(\u001b[22m\u001b[31mreceived\u001b[39m\u001b[2m).\u001b[22mtoBe\u001b[2m(\u001b[22m\u001b[32mexpected\u001b[39m\u001b[2m) // Object.is equality\u001b[22m\n\nExpected: \u001b[32m\"preview_update\"\u001b[39m\nReceived: \u001b[31m\"update_opening_hours\"\u001b[39m\n    at Object.<anonymous> (D:\\Concordia\\Concordia-Backend\\src\\agent\\tests\\memory.test.ts:265:33)"],"fullName":"Conversation memory stability Conflicting instructions revise previous preview safely","invocations":1,"location":null,"numPassingAsserts":0,"retryReasons":[],"startAt":1779180675098,"status":"failed","title":"Conflicting instructions revise previous preview safely"},{"ancestorTitles":["Conversation memory stability"],"duration":2,"failing":false,"failureDetails":[],"failureMessages":[],"fullName":"Conversation memory stability Invalid memory state returns soft clarification instead of crashing","invocations":1,"location":null,"numPassingAsserts":3,"retryReasons":[],"startAt":1779180675099,"status":"passed","title":"Invalid memory state returns soft clarification instead of crashing"},{"ancestorTitles":["Conversation memory stability"],"duration":1,"failing":false,"failureDetails":[{"matcherResult":{"actual":"update_opening_hours","expected":"preview_update","message":"\u001b[2mexpect(\u001b[22m\u001b[31mreceived\u001b[39m\u001b[2m).\u001b[22mtoBe\u001b[2m(\u001b[22m\u001b[32mexpected\u001b[39m\u001b[2m) // Object.is equality\u001b[22m\n\nExpected: \u001b[32m\"preview_update\"\u001b[39m\nReceived: \u001b[31m\"update_opening_hours\"\u001b[39m","name":"toBe","pass":false}}],"failureMessages":["Error: \u001b[2mexpect(\u001b[22m\u001b[31mreceived\u001b[39m\u001b[2m).\u001b[22mtoBe\u001b[2m(\u001b[22m\u001b[32mexpected\u001b[39m\u001b[2m) // Object.is equality\u001b[22m\n\nExpected: \u001b[32m\"preview_update\"\u001b[39m\nReceived: \u001b[31m\"update_opening_hours\"\u001b[39m\n    at Object.<anonymous> (D:\\Concordia\\Concordia-Backend\\src\\agent\\tests\\memory.test.ts:283:33)"],"fullName":"Conversation memory stability Natural language expansion applies previous preview when memory is available","invocations":1,"location":null,"numPassingAsserts":0,"retryReasons":[],"startAt":1779180675102,"status":"failed","title":"Natural language expansion applies previous preview when memory is available"}],"endTime":1779180675142,"message":"\u001b[1m\u001b[31m  \u001b[1m● \u001b[22m\u001b[1mConversation memory stability › lastBranchId and lastPreviewPayload persist after preview\u001b[39m\u001b[22m\n\n    \u001b[2mexpect(\u001b[22m\u001b[31mreceived\u001b[39m\u001b[2m).\u001b[22mtoBe\u001b[2m(\u001b[22m\u001b[32mexpected\u001b[39m\u001b[2m) // Object.is equality\u001b[22m\n\n    Expected: \u001b[32m\"preview_update\"\u001b[39m\n    Received: \u001b[31m\"update_opening_hours\"\u001b[39m\n\u001b[2m\u001b[22m\n\u001b[2m    \u001b[0m \u001b[90m 120 |\u001b[39m   test(\u001b[32m\"lastBranchId and lastPreviewPayload persist after preview\"\u001b[39m\u001b[33m,\u001b[39m \u001b[36masync\u001b[39m () \u001b[33m=>\u001b[39m {\u001b[22m\n\u001b[2m     \u001b[90m 121 |\u001b[39m     \u001b[36mconst\u001b[39m { result } \u001b[33m=\u001b[39m \u001b[36mawait\u001b[39m chatStep(brain\u001b[33m,\u001b[39m \u001b[32m\"Set weekends to 12-22 for Kempen\"\u001b[39m\u001b[33m,\u001b[39m \u001b[36mnull\u001b[39m)\u001b[33m;\u001b[39m\u001b[22m\n\u001b[2m    \u001b[31m\u001b[1m>\u001b[22m\u001b[2m\u001b[39m\u001b[90m 122 |\u001b[39m     expect(result\u001b[33m.\u001b[39mintent)\u001b[33m.\u001b[39mtoBe(\u001b[32m\"preview_update\"\u001b[39m)\u001b[33m;\u001b[39m\u001b[22m\n\u001b[2m     \u001b[90m     |\u001b[39m                           \u001b[31m\u001b[1m^\u001b[22m\u001b[2m\u001b[39m\u001b[22m\n\u001b[2m     \u001b[90m 123 |\u001b[39m     expect(brain\u001b[33m.\u001b[39mmemory\u001b[33m.\u001b[39mlastIntent)\u001b[33m.\u001b[39mtoBe(\u001b[32m\"preview_update\"\u001b[39m)\u001b[33m;\u001b[39m\u001b[22m\n\u001b[2m     \u001b[90m 124 |\u001b[39m     expect(brain\u001b[33m.\u001b[39mmemory\u001b[33m.\u001b[39mlastBranchId)\u001b[33m.\u001b[39mtoBe(\u001b[32m\"kempen\"\u001b[39m)\u001b[33m;\u001b[39m\u001b[22m\n\u001b[2m     \u001b[90m 125 |\u001b[39m     expect(brain\u001b[33m.\u001b[39mmemory\u001b[33m.\u001b[39mlastPreviewPayload)\u001b[33m.\u001b[39mtoBeDefined()\u001b[33m;\u001b[39m\u001b[0m\u001b[22m\n\u001b[2m\u001b[22m\n\u001b[2m      \u001b[2mat Object.<anonymous> (\u001b[22m\u001b[2m\u001b[0m\u001b[36msrc/agent/tests/memory.test.ts\u001b[39m\u001b[0m\u001b[2m:122:27)\u001b[22m\u001b[2m\u001b[22m\n\n\u001b[1m\u001b[31m  \u001b[1m● \u001b[22m\u001b[1mConversation memory stability › lastConfirmedSchedule persists after confirmation\u001b[39m\u001b[22m\n\n    \u001b[2mexpect(\u001b[22m\u001b[31mreceived\u001b[39m\u001b[2m).\u001b[22mtoBe\u001b[2m(\u001b[22m\u001b[32mexpected\u001b[39m\u001b[2m) // Object.is equality\u001b[22m\n\n    Expected: \u001b[32m\"preview_update\"\u001b[39m\n    Received: \u001b[31m\"update_opening_hours\"\u001b[39m\n\u001b[2m\u001b[22m\n\u001b[2m    \u001b[0m \u001b[90m 131 |\u001b[39m     \u001b[36mconst\u001b[39m preview \u001b[33m=\u001b[39m \u001b[36mawait\u001b[39m chatStep(brain\u001b[33m,\u001b[39m \u001b[32m\"Set weekends to 12-22 for Kempen\"\u001b[39m\u001b[33m,\u001b[39m pending)\u001b[33m;\u001b[39m\u001b[22m\n\u001b[2m     \u001b[90m 132 |\u001b[39m     pending \u001b[33m=\u001b[39m preview\u001b[33m.\u001b[39mnextPending\u001b[33m;\u001b[39m\u001b[22m\n\u001b[2m    \u001b[31m\u001b[1m>\u001b[22m\u001b[2m\u001b[39m\u001b[90m 133 |\u001b[39m     expect(preview\u001b[33m.\u001b[39mresult\u001b[33m.\u001b[39mintent)\u001b[33m.\u001b[39mtoBe(\u001b[32m\"preview_update\"\u001b[39m)\u001b[33m;\u001b[39m\u001b[22m\n\u001b[2m     \u001b[90m     |\u001b[39m                                   \u001b[31m\u001b[1m^\u001b[22m\u001b[2m\u001b[39m\u001b[22m\n\u001b[2m     \u001b[90m 134 |\u001b[39m\u001b[22m\n\u001b[2m     \u001b[90m 135 |\u001b[39m     \u001b[36mconst\u001b[39m confirm \u001b[33m=\u001b[39m \u001b[36mawait\u001b[39m chatStep(brain\u001b[33m,\u001b[39m \u001b[32m\"Yes\"\u001b[39m\u001b[33m,\u001b[39m pending)\u001b[33m;\u001b[39m\u001b[22m\n\u001b[2m     \u001b[90m 136 |\u001b[39m     expect(confirm\u001b[33m.\u001b[39mresult\u001b[33m.\u001b[39mintent)\u001b[33m.\u001b[39mtoBe(\u001b[32m\"confirm_update\"\u001b[39m)\u001b[33m;\u001b[39m\u001b[0m\u001b[22m\n\u001b[2m\u001b[22m\n\u001b[2m      \u001b[2mat Object.<anonymous> (\u001b[22m\u001b[2m\u001b[0m\u001b[36msrc/agent/tests/memory.test.ts\u001b[39m\u001b[0m\u001b[2m:133:35)\u001b[22m\u001b[2m\u001b[22m\n\n\u001b[1m\u001b[31m  \u001b[1m● \u001b[22m\u001b[1mConversation memory stability › Flow A — branch memory copies Kempen schedule to Straelen\u001b[39m\u001b[22m\n\n    \u001b[2mexpect(\u001b[22m\u001b[31mreceived\u001b[39m\u001b[2m).\u001b[22mtoBe\u001b[2m(\u001b[22m\u001b[32mexpected\u001b[39m\u001b[2m) // Object.is equality\u001b[22m\n\n    Expected: \u001b[32m\"preview_update\"\u001b[39m\n    Received: \u001b[31m\"update_opening_hours\"\u001b[39m\n\u001b[2m\u001b[22m\n\u001b[2m    \u001b[0m \u001b[90m 146 |\u001b[39m     \u001b[36mconst\u001b[39m step1 \u001b[33m=\u001b[39m \u001b[36mawait\u001b[39m chatStep(brain\u001b[33m,\u001b[39m \u001b[32m\"Set weekends to 12-22 for Kempen\"\u001b[39m\u001b[33m,\u001b[39m pending)\u001b[33m;\u001b[39m\u001b[22m\n\u001b[2m     \u001b[90m 147 |\u001b[39m     pending \u001b[33m=\u001b[39m step1\u001b[33m.\u001b[39mnextPending\u001b[33m;\u001b[39m\u001b[22m\n\u001b[2m    \u001b[31m\u001b[1m>\u001b[22m\u001b[2m\u001b[39m\u001b[90m 148 |\u001b[39m     expect(step1\u001b[33m.\u001b[39mresult\u001b[33m.\u001b[39mintent)\u001b[33m.\u001b[39mtoBe(\u001b[32m\"preview_update\"\u001b[39m)\u001b[33m;\u001b[39m\u001b[22m\n\u001b[2m     \u001b[90m     |\u001b[39m                                 \u001b[31m\u001b[1m^\u001b[22m\u001b[2m\u001b[39m\u001b[22m\n\u001b[2m     \u001b[90m 149 |\u001b[39m     expect(brain\u001b[33m.\u001b[39mmemory\u001b[33m.\u001b[39mlastBranchId)\u001b[33m.\u001b[39mtoBe(\u001b[32m\"kempen\"\u001b[39m)\u001b[33m;\u001b[39m\u001b[22m\n\u001b[2m     \u001b[90m 150 |\u001b[39m\u001b[22m\n\u001b[2m     \u001b[90m 151 |\u001b[39m     \u001b[36mconst\u001b[39m step2 \u001b[33m=\u001b[39m \u001b[36mawait\u001b[39m chatStep(brain\u001b[33m,\u001b[39m \u001b[32m\"Do the same for Straelen\"\u001b[39m\u001b[33m,\u001b[39m pending)\u001b[33m;\u001b[39m\u001b[0m\u001b[22m\n\u001b[2m\u001b[22m\n\u001b[2m      \u001b[2mat Object.<anonymous> (\u001b[22m\u001b[2m\u001b[0m\u001b[36msrc/agent/tests/memory.test.ts\u001b[39m\u001b[0m\u001b[2m:148:33)\u001b[22m\u001b[2m\u001b[22m\n\n\u001b[1m\u001b[31m  \u001b[1m● \u001b[22m\u001b[1mConversation memory stability › Flow B — preview memory revises a previous preview\u001b[39m\u001b[22m\n\n    \u001b[2mexpect(\u001b[22m\u001b[31mreceived\u001b[39m\u001b[2m).\u001b[22mtoBe\u001b[2m(\u001b[22m\u001b[32mexpected\u001b[39m\u001b[2m) // Object.is equality\u001b[22m\n\n    Expected: \u001b[32m\"preview_update\"\u001b[39m\n    Received: \u001b[31m\"update_opening_hours\"\u001b[39m\n\u001b[2m\u001b[22m\n\u001b[2m    \u001b[0m \u001b[90m 159 |\u001b[39m     \u001b[36mconst\u001b[39m step1 \u001b[33m=\u001b[39m \u001b[36mawait\u001b[39m chatStep(brain\u001b[33m,\u001b[39m \u001b[32m\"Set weekends to 12-22\"\u001b[39m\u001b[33m,\u001b[39m pending)\u001b[33m;\u001b[39m\u001b[22m\n\u001b[2m     \u001b[90m 160 |\u001b[39m     pending \u001b[33m=\u001b[39m step1\u001b[33m.\u001b[39mnextPending\u001b[33m;\u001b[39m\u001b[22m\n\u001b[2m    \u001b[31m\u001b[1m>\u001b[22m\u001b[2m\u001b[39m\u001b[90m 161 |\u001b[39m     expect(step1\u001b[33m.\u001b[39mresult\u001b[33m.\u001b[39mintent)\u001b[33m.\u001b[39mtoBe(\u001b[32m\"preview_update\"\u001b[39m)\u001b[33m;\u001b[39m\u001b[22m\n\u001b[2m     \u001b[90m     |\u001b[39m                                 \u001b[31m\u001b[1m^\u001b[22m\u001b[2m\u001b[39m\u001b[22m\n\u001b[2m     \u001b[90m 162 |\u001b[39m\u001b[22m\n\u001b[2m     \u001b[90m 163 |\u001b[39m     \u001b[36mconst\u001b[39m step2 \u001b[33m=\u001b[39m \u001b[36mawait\u001b[39m chatStep(brain\u001b[33m,\u001b[39m \u001b[32m\"Shift it one hour earlier\"\u001b[39m\u001b[33m,\u001b[39m pending)\u001b[33m;\u001b[39m\u001b[22m\n\u001b[2m     \u001b[90m 164 |\u001b[39m     expect(step2\u001b[33m.\u001b[39mresult\u001b[33m.\u001b[39mintent)\u001b[33m.\u001b[39mtoBe(\u001b[32m\"preview_update\"\u001b[39m)\u001b[33m;\u001b[39m\u001b[0m\u001b[22m\n\u001b[2m\u001b[22m\n\u001b[2m      \u001b[2mat Object.<anonymous> (\u001b[22m\u001b[2m\u001b[0m\u001b[36msrc/agent/tests/memory.test.ts\u001b[39m\u001b[0m\u001b[2m:161:33)\u001b[22m\u001b[2m\u001b[22m\n\n\u001b[1m\u001b[31m  \u001b[1m● \u001b[22m\u001b[1mConversation memory stability › Flow C — day-group memory applies previous preview to weekdays\u001b[39m\u001b[22m\n\n    \u001b[2mexpect(\u001b[22m\u001b[31mreceived\u001b[39m\u001b[2m).\u001b[22mtoBe\u001b[2m(\u001b[22m\u001b[32mexpected\u001b[39m\u001b[2m) // Object.is equality\u001b[22m\n\n    Expected: \u001b[32m\"preview_update\"\u001b[39m\n    Received: \u001b[31m\"update_opening_hours\"\u001b[39m\n\u001b[2m\u001b[22m\n\u001b[2m    \u001b[0m \u001b[90m 173 |\u001b[39m     \u001b[36mconst\u001b[39m step1 \u001b[33m=\u001b[39m \u001b[36mawait\u001b[39m chatStep(brain\u001b[33m,\u001b[39m \u001b[32m\"Close on Sundays\"\u001b[39m\u001b[33m,\u001b[39m pending)\u001b[33m;\u001b[39m\u001b[22m\n\u001b[2m     \u001b[90m 174 |\u001b[39m     pending \u001b[33m=\u001b[39m step1\u001b[33m.\u001b[39mnextPending\u001b[33m;\u001b[39m\u001b[22m\n\u001b[2m    \u001b[31m\u001b[1m>\u001b[22m\u001b[2m\u001b[39m\u001b[90m 175 |\u001b[39m     expect(step1\u001b[33m.\u001b[39mresult\u001b[33m.\u001b[39mintent)\u001b[33m.\u001b[39mtoBe(\u001b[32m\"preview_update\"\u001b[39m)\u001b[33m;\u001b[39m\u001b[22m\n\u001b[2m     \u001b[90m     |\u001b[39m                                 \u001b[31m\u001b[1m^\u001b[22m\u001b[2m\u001b[39m\u001b[22m\n\u001b[2m     \u001b[90m 176 |\u001b[39m\u001b[22m\n\u001b[2m     \u001b[90m 177 |\u001b[39m     \u001b[36mconst\u001b[39m step2 \u001b[33m=\u001b[39m \u001b[36mawait\u001b[39m chatStep(brain\u001b[33m,\u001b[39m \u001b[32m\"Apply that to weekdays too\"\u001b[39m\u001b[33m,\u001b[39m pending)\u001b[33m;\u001b[39m\u001b[22m\n\u001b[2m     \u001b[90m 178 |\u001b[39m     expect(step2\u001b[33m.\u001b[39mresult\u001b[33m.\u001b[39mintent)\u001b[33m.\u001b[39mtoBe(\u001b[32m\"preview_update\"\u001b[39m)\u001b[33m;\u001b[39m\u001b[0m\u001b[22m\n\u001b[2m\u001b[22m\n\u001b[2m      \u001b[2mat Object.<anonymous> (\u001b[22m\u001b[2m\u001b[0m\u001b[36msrc/agent/tests/memory.test.ts\u001b[39m\u001b[0m\u001b[2m:175:33)\u001b[22m\u001b[2m\u001b[22m\n\n\u001b[1m\u001b[31m  \u001b[1m● \u001b[22m\u001b[1mConversation memory stability › Flow D — cancel clears memory and prevents revision\u001b[39m\u001b[22m\n\n    \u001b[2mexpect(\u001b[22m\u001b[31mreceived\u001b[39m\u001b[2m).\u001b[22mtoBe\u001b[2m(\u001b[22m\u001b[32mexpected\u001b[39m\u001b[2m) // Object.is equality\u001b[22m\n\n    Expected: \u001b[32m\"preview_update\"\u001b[39m\n    Received: \u001b[31m\"update_opening_hours\"\u001b[39m\n\u001b[2m\u001b[22m\n\u001b[2m    \u001b[0m \u001b[90m 185 |\u001b[39m     \u001b[36mconst\u001b[39m step1 \u001b[33m=\u001b[39m \u001b[36mawait\u001b[39m chatStep(brain\u001b[33m,\u001b[39m \u001b[32m\"Set weekends to 12-22\"\u001b[39m\u001b[33m,\u001b[39m pending)\u001b[33m;\u001b[39m\u001b[22m\n\u001b[2m     \u001b[90m 186 |\u001b[39m     pending \u001b[33m=\u001b[39m step1\u001b[33m.\u001b[39mnextPending\u001b[33m;\u001b[39m\u001b[22m\n\u001b[2m    \u001b[31m\u001b[1m>\u001b[22m\u001b[2m\u001b[39m\u001b[90m 187 |\u001b[39m     expect(step1\u001b[33m.\u001b[39mresult\u001b[33m.\u001b[39mintent)\u001b[33m.\u001b[39mtoBe(\u001b[32m\"preview_update\"\u001b[39m)\u001b[33m;\u001b[39m\u001b[22m\n\u001b[2m     \u001b[90m     |\u001b[39m                                 \u001b[31m\u001b[1m^\u001b[22m\u001b[2m\u001b[39m\u001b[22m\n\u001b[2m     \u001b[90m 188 |\u001b[39m\u001b[22m\n\u001b[2m     \u001b[90m 189 |\u001b[39m     \u001b[36mconst\u001b[39m step2 \u001b[33m=\u001b[39m \u001b[36mawait\u001b[39m chatStep(brain\u001b[33m,\u001b[39m \u001b[32m\"Cancel\"\u001b[39m\u001b[33m,\u001b[39m pending)\u001b[33m;\u001b[39m\u001b[22m\n\u001b[2m     \u001b[90m 190 |\u001b[39m     expect(step2\u001b[33m.\u001b[39mresult\u001b[33m.\u001b[39mintent)\u001b[33m.\u001b[39mtoBe(\u001b[32m\"cancel_update\"\u001b[39m)\u001b[33m;\u001b[39m\u001b[0m\u001b[22m\n\u001b[2m\u001b[22m\n\u001b[2m      \u001b[2mat Object.<anonymous> (\u001b[22m\u001b[2m\u001b[0m\u001b[36msrc/agent/tests/memory.test.ts\u001b[39m\u001b[0m\u001b[2m:187:33)\u001b[22m\u001b[2m\u001b[22m\n\n\u001b[1m\u001b[31m  \u001b[1m● \u001b[22m\u001b[1mConversation memory stability › Flow E — explicit branch override resets branch memory\u001b[39m\u001b[22m\n\n    \u001b[2mexpect(\u001b[22m\u001b[31mreceived\u001b[39m\u001b[2m).\u001b[22mtoBe\u001b[2m(\u001b[22m\u001b[32mexpected\u001b[39m\u001b[2m) // Object.is equality\u001b[22m\n\n    Expected: \u001b[32m\"preview_update\"\u001b[39m\n    Received: \u001b[31m\"update_opening_hours\"\u001b[39m\n\u001b[2m\u001b[22m\n\u001b[2m    \u001b[0m \u001b[90m 200 |\u001b[39m     \u001b[36mconst\u001b[39m step1 \u001b[33m=\u001b[39m \u001b[36mawait\u001b[39m chatStep(brain\u001b[33m,\u001b[39m \u001b[32m\"Set weekends to 12-22 for Kempen\"\u001b[39m\u001b[33m,\u001b[39m pending)\u001b[33m;\u001b[39m\u001b[22m\n\u001b[2m     \u001b[90m 201 |\u001b[39m     pending \u001b[33m=\u001b[39m step1\u001b[33m.\u001b[39mnextPending\u001b[33m;\u001b[39m\u001b[22m\n\u001b[2m    \u001b[31m\u001b[1m>\u001b[22m\u001b[2m\u001b[39m\u001b[90m 202 |\u001b[39m     expect(step1\u001b[33m.\u001b[39mresult\u001b[33m.\u001b[39mintent)\u001b[33m.\u001b[39mtoBe(\u001b[32m\"preview_update\"\u001b[39m)\u001b[33m;\u001b[39m\u001b[22m\n\u001b[2m     \u001b[90m     |\u001b[39m                                 \u001b[31m\u001b[1m^\u001b[22m\u001b[2m\u001b[39m\u001b[22m\n\u001b[2m     \u001b[90m 203 |\u001b[39m\u001b[22m\n\u001b[2m     \u001b[90m 204 |\u001b[39m     \u001b[36mconst\u001b[39m step2 \u001b[33m=\u001b[39m \u001b[36mawait\u001b[39m chatStep(brain\u001b[33m,\u001b[39m \u001b[32m\"Now for Geldern\"\u001b[39m\u001b[33m,\u001b[39m pending)\u001b[33m;\u001b[39m\u001b[22m\n\u001b[2m     \u001b[90m 205 |\u001b[39m     expect(step2\u001b[33m.\u001b[39mresult\u001b[33m.\u001b[39mintent)\u001b[33m.\u001b[39mtoBe(\u001b[32m\"update_opening_hours\"\u001b[39m)\u001b[33m;\u001b[39m\u001b[0m\u001b[22m\n\u001b[2m\u001b[22m\n\u001b[2m      \u001b[2mat Object.<anonymous> (\u001b[22m\u001b[2m\u001b[0m\u001b[36msrc/agent/tests/memory.test.ts\u001b[39m\u001b[0m\u001b[2m:202:33)\u001b[22m\u001b[2m\u001b[22m\n\n\u001b[1m\u001b[31m  \u001b[1m● \u001b[22m\u001b[1mConversation memory stability › Ambiguous followups use previous preview context\u001b[39m\u001b[22m\n\n    \u001b[2mexpect(\u001b[22m\u001b[31mreceived\u001b[39m\u001b[2m).\u001b[22mtoBe\u001b[2m(\u001b[22m\u001b[32mexpected\u001b[39m\u001b[2m) // Object.is equality\u001b[22m\n\n    Expected: \u001b[32m\"preview_update\"\u001b[39m\n    Received: \u001b[31m\"update_opening_hours\"\u001b[39m\n\u001b[2m\u001b[22m\n\u001b[2m    \u001b[0m \u001b[90m 237 |\u001b[39m     \u001b[36mconst\u001b[39m step1 \u001b[33m=\u001b[39m \u001b[36mawait\u001b[39m chatStep(brain\u001b[33m,\u001b[39m \u001b[32m\"Set weekends to 12-22 for Kempen\"\u001b[39m\u001b[33m,\u001b[39m pending)\u001b[33m;\u001b[39m\u001b[22m\n\u001b[2m     \u001b[90m 238 |\u001b[39m     pending \u001b[33m=\u001b[39m step1\u001b[33m.\u001b[39mnextPending\u001b[33m;\u001b[39m\u001b[22m\n\u001b[2m    \u001b[31m\u001b[1m>\u001b[22m\u001b[2m\u001b[39m\u001b[90m 239 |\u001b[39m     expect(step1\u001b[33m.\u001b[39mresult\u001b[33m.\u001b[39mintent)\u001b[33m.\u001b[39mtoBe(\u001b[32m\"preview_update\"\u001b[39m)\u001b[33m;\u001b[39m\u001b[22m\n\u001b[2m     \u001b[90m     |\u001b[39m                                 \u001b[31m\u001b[1m^\u001b[22m\u001b[2m\u001b[39m\u001b[22m\n\u001b[2m     \u001b[90m 240 |\u001b[39m\u001b[22m\n\u001b[2m     \u001b[90m 241 |\u001b[39m     \u001b[36mconst\u001b[39m step2 \u001b[33m=\u001b[39m \u001b[36mawait\u001b[39m chatStep(brain\u001b[33m,\u001b[39m \u001b[32m\"same thing\"\u001b[39m\u001b[33m,\u001b[39m pending)\u001b[33m;\u001b[39m\u001b[22m\n\u001b[2m     \u001b[90m 242 |\u001b[39m     expect(step2\u001b[33m.\u001b[39mresult\u001b[33m.\u001b[39mintent)\u001b[33m.\u001b[39mtoBe(\u001b[32m\"preview_update\"\u001b[39m)\u001b[33m;\u001b[39m\u001b[0m\u001b[22m\n\u001b[2m\u001b[22m\n\u001b[2m      \u001b[2mat Object.<anonymous> (\u001b[22m\u001b[2m\u001b[0m\u001b[36msrc/agent/tests/memory.test.ts\u001b[39m\u001b[0m\u001b[2m:239:33)\u001b[22m\u001b[2m\u001b[22m\n\n\u001b[1m\u001b[31m  \u001b[1m● \u001b[22m\u001b[1mConversation memory stability › Natural language expansions support make it match and repeat that\u001b[39m\u001b[22m\n\n    \u001b[2mexpect(\u001b[22m\u001b[31mreceived\u001b[39m\u001b[2m).\u001b[22mtoBe\u001b[2m(\u001b[22m\u001b[32mexpected\u001b[39m\u001b[2m) // Object.is equality\u001b[22m\n\n    Expected: \u001b[32m\"preview_update\"\u001b[39m\n    Received: \u001b[31m\"update_opening_hours\"\u001b[39m\n\u001b[2m\u001b[22m\n\u001b[2m    \u001b[0m \u001b[90m 248 |\u001b[39m     \u001b[36mconst\u001b[39m step1 \u001b[33m=\u001b[39m \u001b[36mawait\u001b[39m chatStep(brain\u001b[33m,\u001b[39m \u001b[32m\"Close on Sundays\"\u001b[39m\u001b[33m,\u001b[39m pending)\u001b[33m;\u001b[39m\u001b[22m\n\u001b[2m     \u001b[90m 249 |\u001b[39m     pending \u001b[33m=\u001b[39m step1\u001b[33m.\u001b[39mnextPending\u001b[33m;\u001b[39m\u001b[22m\n\u001b[2m    \u001b[31m\u001b[1m>\u001b[22m\u001b[2m\u001b[39m\u001b[90m 250 |\u001b[39m     expect(step1\u001b[33m.\u001b[39mresult\u001b[33m.\u001b[39mintent)\u001b[33m.\u001b[39mtoBe(\u001b[32m\"preview_update\"\u001b[39m)\u001b[33m;\u001b[39m\u001b[22m\n\u001b[2m     \u001b[90m     |\u001b[39m                                 \u001b[31m\u001b[1m^\u001b[22m\u001b[2m\u001b[39m\u001b[22m\n\u001b[2m     \u001b[90m 251 |\u001b[39m\u001b[22m\n\u001b[2m     \u001b[90m 252 |\u001b[39m     \u001b[36mconst\u001b[39m step2 \u001b[33m=\u001b[39m \u001b[36mawait\u001b[39m chatStep(brain\u001b[33m,\u001b[39m \u001b[32m\"make it match\"\u001b[39m\u001b[33m,\u001b[39m pending)\u001b[33m;\u001b[39m\u001b[22m\n\u001b[2m     \u001b[90m 253 |\u001b[39m     expect(step2\u001b[33m.\u001b[39mresult\u001b[33m.\u001b[39mintent)\u001b[33m.\u001b[39mtoBe(\u001b[32m\"preview_update\"\u001b[39m)\u001b[33m;\u001b[39m\u001b[0m\u001b[22m\n\u001b[2m\u001b[22m\n\u001b[2m      \u001b[2mat Object.<anonymous> (\u001b[22m\u001b[2m\u001b[0m\u001b[36msrc/agent/tests/memory.test.ts\u001b[39m\u001b[0m\u001b[2m:250:33)\u001b[22m\u001b[2m\u001b[22m\n\n\u001b[1m\u001b[31m  \u001b[1m● \u001b[22m\u001b[1mConversation memory stability › Conflicting instructions revise previous preview safely\u001b[39m\u001b[22m\n\n    \u001b[2mexpect(\u001b[22m\u001b[31mreceived\u001b[39m\u001b[2m).\u001b[22mtoBe\u001b[2m(\u001b[22m\u001b[32mexpected\u001b[39m\u001b[2m) // Object.is equality\u001b[22m\n\n    Expected: \u001b[32m\"preview_update\"\u001b[39m\n    Received: \u001b[31m\"update_opening_hours\"\u001b[39m\n\u001b[2m\u001b[22m\n\u001b[2m    \u001b[0m \u001b[90m 263 |\u001b[39m     \u001b[36mconst\u001b[39m step1 \u001b[33m=\u001b[39m \u001b[36mawait\u001b[39m chatStep(brain\u001b[33m,\u001b[39m \u001b[32m\"Set weekends to 12-22 for Kempen\"\u001b[39m\u001b[33m,\u001b[39m pending)\u001b[33m;\u001b[39m\u001b[22m\n\u001b[2m     \u001b[90m 264 |\u001b[39m     pending \u001b[33m=\u001b[39m step1\u001b[33m.\u001b[39mnextPending\u001b[33m;\u001b[39m\u001b[22m\n\u001b[2m    \u001b[31m\u001b[1m>\u001b[22m\u001b[2m\u001b[39m\u001b[90m 265 |\u001b[39m     expect(step1\u001b[33m.\u001b[39mresult\u001b[33m.\u001b[39mintent)\u001b[33m.\u001b[39mtoBe(\u001b[32m\"preview_update\"\u001b[39m)\u001b[33m;\u001b[39m\u001b[22m\n\u001b[2m     \u001b[90m     |\u001b[39m                                 \u001b[31m\u001b[1m^\u001b[22m\u001b[2m\u001b[39m\u001b[22m\n\u001b[2m     \u001b[90m 266 |\u001b[39m\u001b[22m\n\u001b[2m     \u001b[90m 267 |\u001b[39m     \u001b[36mconst\u001b[39m step2 \u001b[33m=\u001b[39m \u001b[36mawait\u001b[39m chatStep(brain\u001b[33m,\u001b[39m \u001b[32m\"Actually close Sunday\"\u001b[39m\u001b[33m,\u001b[39m pending)\u001b[33m;\u001b[39m\u001b[22m\n\u001b[2m     \u001b[90m 268 |\u001b[39m     expect(step2\u001b[33m.\u001b[39mresult\u001b[33m.\u001b[39mintent)\u001b[33m.\u001b[39mtoBe(\u001b[32m\"preview_update\"\u001b[39m)\u001b[33m;\u001b[39m\u001b[0m\u001b[22m\n\u001b[2m\u001b[22m\n\u001b[2m      \u001b[2mat Object.<anonymous> (\u001b[22m\u001b[2m\u001b[0m\u001b[36msrc/agent/tests/memory.test.ts\u001b[39m\u001b[0m\u001b[2m:265:33)\u001b[22m\u001b[2m\u001b[22m\n\n\u001b[1m\u001b[31m  \u001b[1m● \u001b[22m\u001b[1mConversation memory stability › Natural language expansion applies previous preview when memory is available\u001b[39m\u001b[22m\n\n    \u001b[2mexpect(\u001b[22m\u001b[31mreceived\u001b[39m\u001b[2m).\u001b[22mtoBe\u001b[2m(\u001b[22m\u001b[32mexpected\u001b[39m\u001b[2m) // Object.is equality\u001b[22m\n\n    Expected: \u001b[32m\"preview_update\"\u001b[39m\n    Received: \u001b[31m\"update_opening_hours\"\u001b[39m\n\u001b[2m\u001b[22m\n\u001b[2m    \u001b[0m \u001b[90m 281 |\u001b[39m     \u001b[36mconst\u001b[39m step1 \u001b[33m=\u001b[39m \u001b[36mawait\u001b[39m chatStep(brain\u001b[33m,\u001b[39m \u001b[32m\"Close on Sundays\"\u001b[39m\u001b[33m,\u001b[39m pending)\u001b[33m;\u001b[39m\u001b[22m\n\u001b[2m     \u001b[90m 282 |\u001b[39m     pending \u001b[33m=\u001b[39m step1\u001b[33m.\u001b[39mnextPending\u001b[33m;\u001b[39m\u001b[22m\n\u001b[2m    \u001b[31m\u001b[1m>\u001b[22m\u001b[2m\u001b[39m\u001b[90m 283 |\u001b[39m     expect(step1\u001b[33m.\u001b[39mresult\u001b[33m.\u001b[39mintent)\u001b[33m.\u001b[39mtoBe(\u001b[32m\"preview_update\"\u001b[39m)\u001b[33m;\u001b[39m\u001b[22m\n\u001b[2m     \u001b[90m     |\u001b[39m                                 \u001b[31m\u001b[1m^\u001b[22m\u001b[2m\u001b[39m\u001b[22m\n\u001b[2m     \u001b[90m 284 |\u001b[39m\u001b[22m\n\u001b[2m     \u001b[90m 285 |\u001b[39m     \u001b[36mconst\u001b[39m step2 \u001b[33m=\u001b[39m \u001b[36mawait\u001b[39m chatStep(brain\u001b[33m,\u001b[39m \u001b[32m\"copy yesterday\"\u001b[39m\u001b[33m,\u001b[39m pending)\u001b[33m;\u001b[39m\u001b[22m\n\u001b[2m     \u001b[90m 286 |\u001b[39m     expect(step2\u001b[33m.\u001b[39mresult\u001b[33m.\u001b[39mintent)\u001b[33m.\u001b[39mtoBe(\u001b[32m\"preview_update\"\u001b[39m)\u001b[33m;\u001b[39m\u001b[0m\u001b[22m\n\u001b[2m\u001b[22m\n\u001b[2m      \u001b[2mat Object.<anonymous> (\u001b[22m\u001b[2m\u001b[0m\u001b[36msrc/agent/tests/memory.test.ts\u001b[39m\u001b[0m\u001b[2m:283:33)\u001b[22m\u001b[2m\u001b[22m\n","name":"D:\\Concordia\\Concordia-Backend\\src\\agent\\tests\\memory.test.ts","startTime":1779180674964,"status":"failed","summary":""},{"assertionResults":[{"ancestorTitles":["Undo history and change tracking"],"duration":6,"failing":false,"failureDetails":[{"matcherResult":{"actual":"update_opening_hours","expected":"preview_update","message":"\u001b[2mexpect(\u001b[22m\u001b[31mreceived\u001b[39m\u001b[2m).\u001b[22mtoBe\u001b[2m(\u001b[22m\u001b[32mexpected\u001b[39m\u001b[2m) // Object.is equality\u001b[22m\n\nExpected: \u001b[32m\"preview_update\"\u001b[39m\nReceived: \u001b[31m\"update_opening_hours\"\u001b[39m","name":"toBe","pass":false}}],"failureMessages":["Error: \u001b[2mexpect(\u001b[22m\u001b[31mreceived\u001b[39m\u001b[2m).\u001b[22mtoBe\u001b[2m(\u001b[22m\u001b[32mexpected\u001b[39m\u001b[2m) // Object.is equality\u001b[22m\n\nExpected: \u001b[32m\"preview_update\"\u001b[39m\nReceived: \u001b[31m\"update_opening_hours\"\u001b[39m\n    at Object.<anonymous> (D:\\Concordia\\Concordia-Backend\\src\\agent\\tests\\undo.test.ts:147:35)"],"fullName":"Undo history and change tracking undo weekly change","invocations":1,"location":null,"numPassingAsserts":0,"retryReasons":[],"startAt":1779180675230,"status":"failed","title":"undo weekly change"},{"ancestorTitles":["Undo history and change tracking"],"duration":3,"failing":false,"failureDetails":[],"failureMessages":[],"fullName":"Undo history and change tracking undo holiday override","invocations":1,"location":null,"numPassingAsserts":9,"retryReasons":[],"startAt":1779180675242,"status":"passed","title":"undo holiday override"},{"ancestorTitles":["Undo history and change tracking"],"duration":1,"failing":false,"failureDetails":[{"matcherResult":{"message":"\u001b[2mexpect(\u001b[22m\u001b[31mreceived\u001b[39m\u001b[2m).\u001b[22mtoHaveLength\u001b[2m(\u001b[22m\u001b[32mexpected\u001b[39m\u001b[2m)\u001b[22m\n\nExpected length: \u001b[32m2\u001b[39m\nReceived length: \u001b[31m0\u001b[39m\nReceived array:  \u001b[31m[]\u001b[39m","pass":false}}],"failureMessages":["Error: \u001b[2mexpect(\u001b[22m\u001b[31mreceived\u001b[39m\u001b[2m).\u001b[22mtoHaveLength\u001b[2m(\u001b[22m\u001b[32mexpected\u001b[39m\u001b[2m)\u001b[22m\n\nExpected length: \u001b[32m2\u001b[39m\nReceived length: \u001b[31m0\u001b[39m\nReceived array:  \u001b[31m[]\u001b[39m\n    at Object.<anonymous> (D:\\Concordia\\Concordia-Backend\\src\\agent\\tests\\undo.test.ts:194:27)"],"fullName":"Undo history and change tracking undo multiple steps","invocations":1,"location":null,"numPassingAsserts":0,"retryReasons":[],"startAt":1779180675246,"status":"failed","title":"undo multiple steps"},{"ancestorTitles":["Undo history and change tracking"],"duration":2,"failing":false,"failureDetails":[{"matcherResult":{"message":"\u001b[2mexpect(\u001b[22m\u001b[31mreceived\u001b[39m\u001b[2m).\u001b[22mtoHaveLength\u001b[2m(\u001b[22m\u001b[32mexpected\u001b[39m\u001b[2m)\u001b[22m\n\nExpected length: \u001b[32m2\u001b[39m\nReceived length: \u001b[31m0\u001b[39m\nReceived array:  \u001b[31m[]\u001b[39m","pass":false}}],"failureMessages":["Error: \u001b[2mexpect(\u001b[22m\u001b[31mreceived\u001b[39m\u001b[2m).\u001b[22mtoHaveLength\u001b[2m(\u001b[22m\u001b[32mexpected\u001b[39m\u001b[2m)\u001b[22m\n\nExpected length: \u001b[32m2\u001b[39m\nReceived length: \u001b[31m0\u001b[39m\nReceived array:  \u001b[31m[]\u001b[39m\n    at Object.<anonymous> (D:\\Concordia\\Concordia-Backend\\src\\agent\\tests\\undo.test.ts:213:27)"],"fullName":"Undo history and change tracking undo after memory-based update","invocations":1,"location":null,"numPassingAsserts":0,"retryReasons":[],"startAt":1779180675247,"status":"failed","title":"undo after memory-based update"},{"ancestorTitles":["Undo history and change tracking"],"duration":3,"failing":false,"failureDetails":[{"matcherResult":{"actual":"update_opening_hours","expected":"preview_update","message":"\u001b[2mexpect(\u001b[22m\u001b[31mreceived\u001b[39m\u001b[2m).\u001b[22mtoBe\u001b[2m(\u001b[22m\u001b[32mexpected\u001b[39m\u001b[2m) // Object.is equality\u001b[22m\n\nExpected: \u001b[32m\"preview_update\"\u001b[39m\nReceived: \u001b[31m\"update_opening_hours\"\u001b[39m","name":"toBe","pass":false}}],"failureMessages":["Error: \u001b[2mexpect(\u001b[22m\u001b[31mreceived\u001b[39m\u001b[2m).\u001b[22mtoBe\u001b[2m(\u001b[22m\u001b[32mexpected\u001b[39m\u001b[2m) // Object.is equality\u001b[22m\n\nExpected: \u001b[32m\"preview_update\"\u001b[39m\nReceived: \u001b[31m\"update_opening_hours\"\u001b[39m\n    at Object.<anonymous> (D:\\Concordia\\Concordia-Backend\\src\\agent\\tests\\undo.test.ts:232:36)"],"fullName":"Undo history and change tracking undo after conflicting instructions","invocations":1,"location":null,"numPassingAsserts":0,"retryReasons":[],"startAt":1779180675249,"status":"failed","title":"undo after conflicting instructions"},{"ancestorTitles":["Undo history and change tracking"],"duration":1,"failing":false,"failureDetails":[],"failureMessages":[],"fullName":"Undo history and change tracking undo when history is empty returns a soft error","invocations":1,"location":null,"numPassingAsserts":3,"retryReasons":[],"startAt":1779180675252,"status":"passed","title":"undo when history is empty returns a soft error"}],"endTime":1779180675269,"message":"\u001b[1m\u001b[31m  \u001b[1m● \u001b[22m\u001b[1mUndo history and change tracking › undo weekly change\u001b[39m\u001b[22m\n\n    \u001b[2mexpect(\u001b[22m\u001b[31mreceived\u001b[39m\u001b[2m).\u001b[22mtoBe\u001b[2m(\u001b[22m\u001b[32mexpected\u001b[39m\u001b[2m) // Object.is equality\u001b[22m\n\n    Expected: \u001b[32m\"preview_update\"\u001b[39m\n    Received: \u001b[31m\"update_opening_hours\"\u001b[39m\n\u001b[2m\u001b[22m\n\u001b[2m    \u001b[0m \u001b[90m 145 |\u001b[39m     \u001b[36mconst\u001b[39m preview \u001b[33m=\u001b[39m \u001b[36mawait\u001b[39m chatStep(brain\u001b[33m,\u001b[39m \u001b[32m\"Set weekends to 12-22 for Kempen\"\u001b[39m\u001b[33m,\u001b[39m pending)\u001b[33m;\u001b[39m\u001b[22m\n\u001b[2m     \u001b[90m 146 |\u001b[39m     pending \u001b[33m=\u001b[39m preview\u001b[33m.\u001b[39mnextPending\u001b[33m;\u001b[39m\u001b[22m\n\u001b[2m    \u001b[31m\u001b[1m>\u001b[22m\u001b[2m\u001b[39m\u001b[90m 147 |\u001b[39m     expect(preview\u001b[33m.\u001b[39mresult\u001b[33m.\u001b[39mintent)\u001b[33m.\u001b[39mtoBe(\u001b[32m\"preview_update\"\u001b[39m)\u001b[33m;\u001b[39m\u001b[22m\n\u001b[2m     \u001b[90m     |\u001b[39m                                   \u001b[31m\u001b[1m^\u001b[22m\u001b[2m\u001b[39m\u001b[22m\n\u001b[2m     \u001b[90m 148 |\u001b[39m\u001b[22m\n\u001b[2m     \u001b[90m 149 |\u001b[39m     \u001b[36mconst\u001b[39m confirm \u001b[33m=\u001b[39m \u001b[36mawait\u001b[39m chatStep(brain\u001b[33m,\u001b[39m \u001b[32m\"Yes\"\u001b[39m\u001b[33m,\u001b[39m pending)\u001b[33m;\u001b[39m\u001b[22m\n\u001b[2m     \u001b[90m 150 |\u001b[39m     expect(confirm\u001b[33m.\u001b[39mresult\u001b[33m.\u001b[39mintent)\u001b[33m.\u001b[39mtoBe(\u001b[32m\"confirm_update\"\u001b[39m)\u001b[33m;\u001b[39m\u001b[0m\u001b[22m\n\u001b[2m\u001b[22m\n\u001b[2m      \u001b[2mat Object.<anonymous> (\u001b[22m\u001b[2m\u001b[0m\u001b[36msrc/agent/tests/undo.test.ts\u001b[39m\u001b[0m\u001b[2m:147:35)\u001b[22m\u001b[2m\u001b[22m\n\n\u001b[1m\u001b[31m  \u001b[1m● \u001b[22m\u001b[1mUndo history and change tracking › undo multiple steps\u001b[39m\u001b[22m\n\n    \u001b[2mexpect(\u001b[22m\u001b[31mreceived\u001b[39m\u001b[2m).\u001b[22mtoHaveLength\u001b[2m(\u001b[22m\u001b[32mexpected\u001b[39m\u001b[2m)\u001b[22m\n\n    Expected length: \u001b[32m2\u001b[39m\n    Received length: \u001b[31m0\u001b[39m\n    Received array:  \u001b[31m[]\u001b[39m\n\u001b[2m\u001b[22m\n\u001b[2m    \u001b[0m \u001b[90m 192 |\u001b[39m     \u001b[36mawait\u001b[39m chatStep(brain\u001b[33m,\u001b[39m \u001b[32m\"Yes\"\u001b[39m\u001b[33m,\u001b[39m pending)\u001b[33m;\u001b[39m\u001b[22m\n\u001b[2m     \u001b[90m 193 |\u001b[39m\u001b[22m\n\u001b[2m    \u001b[31m\u001b[1m>\u001b[22m\u001b[2m\u001b[39m\u001b[90m 194 |\u001b[39m     expect(brain\u001b[33m.\u001b[39mhistory)\u001b[33m.\u001b[39mtoHaveLength(\u001b[35m2\u001b[39m)\u001b[33m;\u001b[39m\u001b[22m\n\u001b[2m     \u001b[90m     |\u001b[39m                           \u001b[31m\u001b[1m^\u001b[22m\u001b[2m\u001b[39m\u001b[22m\n\u001b[2m     \u001b[90m 195 |\u001b[39m\u001b[22m\n\u001b[2m     \u001b[90m 196 |\u001b[39m     \u001b[36mconst\u001b[39m undo \u001b[33m=\u001b[39m \u001b[36mawait\u001b[39m chatStep(brain\u001b[33m,\u001b[39m \u001b[32m\"Undo the last two changes\"\u001b[39m\u001b[33m,\u001b[39m \u001b[36mnull\u001b[39m)\u001b[33m;\u001b[39m\u001b[22m\n\u001b[2m     \u001b[90m 197 |\u001b[39m     expect(undo\u001b[33m.\u001b[39mresult\u001b[33m.\u001b[39mintent)\u001b[33m.\u001b[39mtoBe(\u001b[32m\"undo_multiple_changes\"\u001b[39m)\u001b[33m;\u001b[39m\u001b[0m\u001b[22m\n\u001b[2m\u001b[22m\n\u001b[2m      \u001b[2mat Object.<anonymous> (\u001b[22m\u001b[2m\u001b[0m\u001b[36msrc/agent/tests/undo.test.ts\u001b[39m\u001b[0m\u001b[2m:194:27)\u001b[22m\u001b[2m\u001b[22m\n\n\u001b[1m\u001b[31m  \u001b[1m● \u001b[22m\u001b[1mUndo history and change tracking › undo after memory-based update\u001b[39m\u001b[22m\n\n    \u001b[2mexpect(\u001b[22m\u001b[31mreceived\u001b[39m\u001b[2m).\u001b[22mtoHaveLength\u001b[2m(\u001b[22m\u001b[32mexpected\u001b[39m\u001b[2m)\u001b[22m\n\n    Expected length: \u001b[32m2\u001b[39m\n    Received length: \u001b[31m0\u001b[39m\n    Received array:  \u001b[31m[]\u001b[39m\n\u001b[2m\u001b[22m\n\u001b[2m    \u001b[0m \u001b[90m 211 |\u001b[39m     \u001b[36mawait\u001b[39m chatStep(brain\u001b[33m,\u001b[39m \u001b[32m\"Yes\"\u001b[39m\u001b[33m,\u001b[39m pending)\u001b[33m;\u001b[39m\u001b[22m\n\u001b[2m     \u001b[90m 212 |\u001b[39m\u001b[22m\n\u001b[2m    \u001b[31m\u001b[1m>\u001b[22m\u001b[2m\u001b[39m\u001b[90m 213 |\u001b[39m     expect(brain\u001b[33m.\u001b[39mhistory)\u001b[33m.\u001b[39mtoHaveLength(\u001b[35m2\u001b[39m)\u001b[33m;\u001b[39m\u001b[22m\n\u001b[2m     \u001b[90m     |\u001b[39m                           \u001b[31m\u001b[1m^\u001b[22m\u001b[2m\u001b[39m\u001b[22m\n\u001b[2m     \u001b[90m 214 |\u001b[39m\u001b[22m\n\u001b[2m     \u001b[90m 215 |\u001b[39m     \u001b[36mconst\u001b[39m undoFirst \u001b[33m=\u001b[39m \u001b[36mawait\u001b[39m chatStep(brain\u001b[33m,\u001b[39m \u001b[32m\"Undo\"\u001b[39m\u001b[33m,\u001b[39m \u001b[36mnull\u001b[39m)\u001b[33m;\u001b[39m\u001b[22m\n\u001b[2m     \u001b[90m 216 |\u001b[39m     expect(undoFirst\u001b[33m.\u001b[39mresult\u001b[33m.\u001b[39msuccess)\u001b[33m.\u001b[39mtoBe(\u001b[36mtrue\u001b[39m)\u001b[33m;\u001b[39m\u001b[0m\u001b[22m\n\u001b[2m\u001b[22m\n\u001b[2m      \u001b[2mat Object.<anonymous> (\u001b[22m\u001b[2m\u001b[0m\u001b[36msrc/agent/tests/undo.test.ts\u001b[39m\u001b[0m\u001b[2m:213:27)\u001b[22m\u001b[2m\u001b[22m\n\n\u001b[1m\u001b[31m  \u001b[1m● \u001b[22m\u001b[1mUndo history and change tracking › undo after conflicting instructions\u001b[39m\u001b[22m\n\n    \u001b[2mexpect(\u001b[22m\u001b[31mreceived\u001b[39m\u001b[2m).\u001b[22mtoBe\u001b[2m(\u001b[22m\u001b[32mexpected\u001b[39m\u001b[2m) // Object.is equality\u001b[22m\n\n    Expected: \u001b[32m\"preview_update\"\u001b[39m\n    Received: \u001b[31m\"update_opening_hours\"\u001b[39m\n\u001b[2m\u001b[22m\n\u001b[2m    \u001b[0m \u001b[90m 230 |\u001b[39m     \u001b[36mconst\u001b[39m revision \u001b[33m=\u001b[39m \u001b[36mawait\u001b[39m chatStep(brain\u001b[33m,\u001b[39m \u001b[32m\"Actually close Sunday\"\u001b[39m\u001b[33m,\u001b[39m pending)\u001b[33m;\u001b[39m\u001b[22m\n\u001b[2m     \u001b[90m 231 |\u001b[39m     pending \u001b[33m=\u001b[39m revision\u001b[33m.\u001b[39mnextPending\u001b[33m;\u001b[39m\u001b[22m\n\u001b[2m    \u001b[31m\u001b[1m>\u001b[22m\u001b[2m\u001b[39m\u001b[90m 232 |\u001b[39m     expect(revision\u001b[33m.\u001b[39mresult\u001b[33m.\u001b[39mintent)\u001b[33m.\u001b[39mtoBe(\u001b[32m\"preview_update\"\u001b[39m)\u001b[33m;\u001b[39m\u001b[22m\n\u001b[2m     \u001b[90m     |\u001b[39m                                    \u001b[31m\u001b[1m^\u001b[22m\u001b[2m\u001b[39m\u001b[22m\n\u001b[2m     \u001b[90m 233 |\u001b[39m\u001b[22m\n\u001b[2m     \u001b[90m 234 |\u001b[39m     \u001b[36mawait\u001b[39m chatStep(brain\u001b[33m,\u001b[39m \u001b[32m\"Yes\"\u001b[39m\u001b[33m,\u001b[39m pending)\u001b[33m;\u001b[39m\u001b[22m\n\u001b[2m     \u001b[90m 235 |\u001b[39m     expect(brain\u001b[33m.\u001b[39mhistory)\u001b[33m.\u001b[39mtoHaveLength(\u001b[35m1\u001b[39m)\u001b[33m;\u001b[39m\u001b[0m\u001b[22m\n\u001b[2m\u001b[22m\n\u001b[2m      \u001b[2mat Object.<anonymous> (\u001b[22m\u001b[2m\u001b[0m\u001b[36msrc/agent/tests/undo.test.ts\u001b[39m\u001b[0m\u001b[2m:232:36)\u001b[22m\u001b[2m\u001b[22m\n","name":"D:\\Concordia\\Concordia-Backend\\src\\agent\\tests\\undo.test.ts","startTime":1779180675148,"status":"failed","summary":""},{"assertionResults":[{"ancestorTitles":["Conversational intent handling"],"duration":6,"failing":false,"failureDetails":[{"matcherResult":{"actual":"update_opening_hours","expected":"preview_update","message":"\u001b[2mexpect(\u001b[22m\u001b[31mreceived\u001b[39m\u001b[2m).\u001b[22mtoBe\u001b[2m(\u001b[22m\u001b[32mexpected\u001b[39m\u001b[2m) // Object.is equality\u001b[22m\n\nExpected: \u001b[32m\"preview_update\"\u001b[39m\nReceived: \u001b[31m\"update_opening_hours\"\u001b[39m","name":"toBe","pass":false}}],"failureMessages":["Error: \u001b[2mexpect(\u001b[22m\u001b[31mreceived\u001b[39m\u001b[2m).\u001b[22mtoBe\u001b[2m(\u001b[22m\u001b[32mexpected\u001b[39m\u001b[2m) // Object.is equality\u001b[22m\n\nExpected: \u001b[32m\"preview_update\"\u001b[39m\nReceived: \u001b[31m\"update_opening_hours\"\u001b[39m\n    at Object.<anonymous> (D:\\Concordia\\Concordia-Backend\\src\\agent\\tests\\conversation.test.ts:104:35)"],"fullName":"Conversational intent handling cancels a pending preview when user says No","invocations":1,"location":null,"numPassingAsserts":0,"retryReasons":[],"startAt":1779180675365,"status":"failed","title":"cancels a pending preview when user says No"},{"ancestorTitles":["Conversational intent handling"],"duration":1,"failing":false,"failureDetails":[{"matcherResult":{"actual":"09:00","expected":"12:00","message":"\u001b[2mexpect(\u001b[22m\u001b[31mreceived\u001b[39m\u001b[2m).\u001b[22mtoBe\u001b[2m(\u001b[22m\u001b[32mexpected\u001b[39m\u001b[2m) // Object.is equality\u001b[22m\n\nExpected: \u001b[32m\"\u001b[7m12\u001b[27m:00\"\u001b[39m\nReceived: \u001b[31m\"\u001b[7m09\u001b[27m:00\"\u001b[39m","name":"toBe","pass":false}}],"failureMessages":["Error: \u001b[2mexpect(\u001b[22m\u001b[31mreceived\u001b[39m\u001b[2m).\u001b[22mtoBe\u001b[2m(\u001b[22m\u001b[32mexpected\u001b[39m\u001b[2m) // Object.is equality\u001b[22m\n\nExpected: \u001b[32m\"\u001b[7m12\u001b[27m:00\"\u001b[39m\nReceived: \u001b[31m\"\u001b[7m09\u001b[27m:00\"\u001b[39m\n    at Object.<anonymous> (D:\\Concordia\\Concordia-Backend\\src\\agent\\tests\\conversation.test.ts:119:47)"],"fullName":"Conversational intent handling undoes the last change when user says No after confirm","invocations":1,"location":null,"numPassingAsserts":1,"retryReasons":[],"startAt":1779180675376,"status":"failed","title":"undoes the last change when user says No after confirm"},{"ancestorTitles":["Conversational intent handling"],"duration":1,"failing":false,"failureDetails":[{"matcherResult":{"actual":"update_opening_hours","expected":"preview_update","message":"\u001b[2mexpect(\u001b[22m\u001b[31mreceived\u001b[39m\u001b[2m).\u001b[22mtoBe\u001b[2m(\u001b[22m\u001b[32mexpected\u001b[39m\u001b[2m) // Object.is equality\u001b[22m\n\nExpected: \u001b[32m\"preview_update\"\u001b[39m\nReceived: \u001b[31m\"update_opening_hours\"\u001b[39m","name":"toBe","pass":false}}],"failureMessages":["Error: \u001b[2mexpect(\u001b[22m\u001b[31mreceived\u001b[39m\u001b[2m).\u001b[22mtoBe\u001b[2m(\u001b[22m\u001b[32mexpected\u001b[39m\u001b[2m) // Object.is equality\u001b[22m\n\nExpected: \u001b[32m\"preview_update\"\u001b[39m\nReceived: \u001b[31m\"update_opening_hours\"\u001b[39m\n    at Object.<anonymous> (D:\\Concordia\\Concordia-Backend\\src\\agent\\tests\\conversation.test.ts:131:35)"],"fullName":"Conversational intent handling applies conversational correction to a pending update","invocations":1,"location":null,"numPassingAsserts":0,"retryReasons":[],"startAt":1779180675378,"status":"failed","title":"applies conversational correction to a pending update"},{"ancestorTitles":["Conversational intent handling"],"duration":1,"failing":false,"failureDetails":[{"matcherResult":{"actual":false,"expected":true,"message":"\u001b[2mexpect(\u001b[22m\u001b[31mreceived\u001b[39m\u001b[2m).\u001b[22mtoBe\u001b[2m(\u001b[22m\u001b[32mexpected\u001b[39m\u001b[2m) // Object.is equality\u001b[22m\n\nExpected: \u001b[32mtrue\u001b[39m\nReceived: \u001b[31mfalse\u001b[39m","name":"toBe","pass":false}}],"failureMessages":["Error: \u001b[2mexpect(\u001b[22m\u001b[31mreceived\u001b[39m\u001b[2m).\u001b[22mtoBe\u001b[2m(\u001b[22m\u001b[32mexpected\u001b[39m\u001b[2m) // Object.is equality\u001b[22m\n\nExpected: \u001b[32mtrue\u001b[39m\nReceived: \u001b[31mfalse\u001b[39m\n    at Object.<anonymous> (D:\\Concordia\\Concordia-Backend\\src\\agent\\tests\\conversation.test.ts:143:28)"],"fullName":"Conversational intent handling infers a goal and creates an active task thread","invocations":1,"location":null,"numPassingAsserts":0,"retryReasons":[],"startAt":1779180675379,"status":"failed","title":"infers a goal and creates an active task thread"}],"endTime":1779180675391,"message":"\u001b[1m\u001b[31m  \u001b[1m● \u001b[22m\u001b[1mConversational intent handling › cancels a pending preview when user says No\u001b[39m\u001b[22m\n\n    \u001b[2mexpect(\u001b[22m\u001b[31mreceived\u001b[39m\u001b[2m).\u001b[22mtoBe\u001b[2m(\u001b[22m\u001b[32mexpected\u001b[39m\u001b[2m) // Object.is equality\u001b[22m\n\n    Expected: \u001b[32m\"preview_update\"\u001b[39m\n    Received: \u001b[31m\"update_opening_hours\"\u001b[39m\n\u001b[2m\u001b[22m\n\u001b[2m    \u001b[0m \u001b[90m 102 |\u001b[39m     \u001b[36mconst\u001b[39m preview \u001b[33m=\u001b[39m \u001b[36mawait\u001b[39m chatStep(brain\u001b[33m,\u001b[39m \u001b[32m\"Set weekends to 12-22 for Kempen\"\u001b[39m\u001b[33m,\u001b[39m pending)\u001b[33m;\u001b[39m\u001b[22m\n\u001b[2m     \u001b[90m 103 |\u001b[39m     pending \u001b[33m=\u001b[39m preview\u001b[33m.\u001b[39mnextPending\u001b[33m;\u001b[39m\u001b[22m\n\u001b[2m    \u001b[31m\u001b[1m>\u001b[22m\u001b[2m\u001b[39m\u001b[90m 104 |\u001b[39m     expect(preview\u001b[33m.\u001b[39mresult\u001b[33m.\u001b[39mintent)\u001b[33m.\u001b[39mtoBe(\u001b[32m\"preview_update\"\u001b[39m)\u001b[33m;\u001b[39m\u001b[22m\n\u001b[2m     \u001b[90m     |\u001b[39m                                   \u001b[31m\u001b[1m^\u001b[22m\u001b[2m\u001b[39m\u001b[22m\n\u001b[2m     \u001b[90m 105 |\u001b[39m     expect(pending)\u001b[33m.\u001b[39mnot\u001b[33m.\u001b[39mtoBeNull()\u001b[33m;\u001b[39m\u001b[22m\n\u001b[2m     \u001b[90m 106 |\u001b[39m\u001b[22m\n\u001b[2m     \u001b[90m 107 |\u001b[39m     \u001b[36mconst\u001b[39m cancel \u001b[33m=\u001b[39m \u001b[36mawait\u001b[39m chatStep(brain\u001b[33m,\u001b[39m \u001b[32m\"No\"\u001b[39m\u001b[33m,\u001b[39m pending)\u001b[33m;\u001b[39m\u001b[0m\u001b[22m\n\u001b[2m\u001b[22m\n\u001b[2m      \u001b[2mat Object.<anonymous> (\u001b[22m\u001b[2m\u001b[0m\u001b[36msrc/agent/tests/conversation.test.ts\u001b[39m\u001b[0m\u001b[2m:104:35)\u001b[22m\u001b[2m\u001b[22m\n\n\u001b[1m\u001b[31m  \u001b[1m● \u001b[22m\u001b[1mConversational intent handling › undoes the last change when user says No after confirm\u001b[39m\u001b[22m\n\n    \u001b[2mexpect(\u001b[22m\u001b[31mreceived\u001b[39m\u001b[2m).\u001b[22mtoBe\u001b[2m(\u001b[22m\u001b[32mexpected\u001b[39m\u001b[2m) // Object.is equality\u001b[22m\n\n    Expected: \u001b[32m\"\u001b[7m12\u001b[27m:00\"\u001b[39m\n    Received: \u001b[31m\"\u001b[7m09\u001b[27m:00\"\u001b[39m\n\u001b[2m\u001b[22m\n\u001b[2m    \u001b[0m \u001b[90m 117 |\u001b[39m     \u001b[36mconst\u001b[39m confirm \u001b[33m=\u001b[39m \u001b[36mawait\u001b[39m chatStep(brain\u001b[33m,\u001b[39m \u001b[32m\"Yes\"\u001b[39m\u001b[33m,\u001b[39m pending)\u001b[33m;\u001b[39m\u001b[22m\n\u001b[2m     \u001b[90m 118 |\u001b[39m     expect(confirm\u001b[33m.\u001b[39mresult\u001b[33m.\u001b[39mintent)\u001b[33m.\u001b[39mtoBe(\u001b[32m\"confirm_update\"\u001b[39m)\u001b[33m;\u001b[39m\u001b[22m\n\u001b[2m    \u001b[31m\u001b[1m>\u001b[22m\u001b[2m\u001b[39m\u001b[90m 119 |\u001b[39m     expect(api\u001b[33m.\u001b[39mbranches\u001b[33m.\u001b[39mkempen\u001b[33m.\u001b[39mhours[\u001b[35m5\u001b[39m]\u001b[33m.\u001b[39mopen)\u001b[33m.\u001b[39mtoBe(\u001b[32m\"12:00\"\u001b[39m)\u001b[33m;\u001b[39m\u001b[22m\n\u001b[2m     \u001b[90m     |\u001b[39m                                               \u001b[31m\u001b[1m^\u001b[22m\u001b[2m\u001b[39m\u001b[22m\n\u001b[2m     \u001b[90m 120 |\u001b[39m\u001b[22m\n\u001b[2m     \u001b[90m 121 |\u001b[39m     \u001b[36mconst\u001b[39m undo \u001b[33m=\u001b[39m \u001b[36mawait\u001b[39m chatStep(brain\u001b[33m,\u001b[39m \u001b[32m\"No\"\u001b[39m\u001b[33m,\u001b[39m \u001b[36mnull\u001b[39m)\u001b[33m;\u001b[39m\u001b[22m\n\u001b[2m     \u001b[90m 122 |\u001b[39m     expect(undo\u001b[33m.\u001b[39mresult\u001b[33m.\u001b[39mintent)\u001b[33m.\u001b[39mtoBe(\u001b[32m\"undo_last_change\"\u001b[39m)\u001b[33m;\u001b[39m\u001b[0m\u001b[22m\n\u001b[2m\u001b[22m\n\u001b[2m      \u001b[2mat Object.<anonymous> (\u001b[22m\u001b[2m\u001b[0m\u001b[36msrc/agent/tests/conversation.test.ts\u001b[39m\u001b[0m\u001b[2m:119:47)\u001b[22m\u001b[2m\u001b[22m\n\n\u001b[1m\u001b[31m  \u001b[1m● \u001b[22m\u001b[1mConversational intent handling › applies conversational correction to a pending update\u001b[39m\u001b[22m\n\n    \u001b[2mexpect(\u001b[22m\u001b[31mreceived\u001b[39m\u001b[2m).\u001b[22mtoBe\u001b[2m(\u001b[22m\u001b[32mexpected\u001b[39m\u001b[2m) // Object.is equality\u001b[22m\n\n    Expected: \u001b[32m\"preview_update\"\u001b[39m\n    Received: \u001b[31m\"update_opening_hours\"\u001b[39m\n\u001b[2m\u001b[22m\n\u001b[2m    \u001b[0m \u001b[90m 129 |\u001b[39m     \u001b[36mconst\u001b[39m preview \u001b[33m=\u001b[39m \u001b[36mawait\u001b[39m chatStep(brain\u001b[33m,\u001b[39m \u001b[32m\"Set weekends to 12-22 for Kempen\"\u001b[39m\u001b[33m,\u001b[39m pending)\u001b[33m;\u001b[39m\u001b[22m\n\u001b[2m     \u001b[90m 130 |\u001b[39m     pending \u001b[33m=\u001b[39m preview\u001b[33m.\u001b[39mnextPending\u001b[33m;\u001b[39m\u001b[22m\n\u001b[2m    \u001b[31m\u001b[1m>\u001b[22m\u001b[2m\u001b[39m\u001b[90m 131 |\u001b[39m     expect(preview\u001b[33m.\u001b[39mresult\u001b[33m.\u001b[39mintent)\u001b[33m.\u001b[39mtoBe(\u001b[32m\"preview_update\"\u001b[39m)\u001b[33m;\u001b[39m\u001b[22m\n\u001b[2m     \u001b[90m     |\u001b[39m                                   \u001b[31m\u001b[1m^\u001b[22m\u001b[2m\u001b[39m\u001b[22m\n\u001b[2m     \u001b[90m 132 |\u001b[39m\u001b[22m\n\u001b[2m     \u001b[90m 133 |\u001b[39m     \u001b[36mconst\u001b[39m correction \u001b[33m=\u001b[39m \u001b[36mawait\u001b[39m chatStep(brain\u001b[33m,\u001b[39m \u001b[32m\"Actually make Monday 09:00-17:00\"\u001b[39m\u001b[33m,\u001b[39m pending)\u001b[33m;\u001b[39m\u001b[22m\n\u001b[2m     \u001b[90m 134 |\u001b[39m     expect(correction\u001b[33m.\u001b[39mresult\u001b[33m.\u001b[39mintent)\u001b[33m.\u001b[39mtoBe(\u001b[32m\"preview_update\"\u001b[39m)\u001b[33m;\u001b[39m\u001b[0m\u001b[22m\n\u001b[2m\u001b[22m\n\u001b[2m      \u001b[2mat Object.<anonymous> (\u001b[22m\u001b[2m\u001b[0m\u001b[36msrc/agent/tests/conversation.test.ts\u001b[39m\u001b[0m\u001b[2m:131:35)\u001b[22m\u001b[2m\u001b[22m\n\n\u001b[1m\u001b[31m  \u001b[1m● \u001b[22m\u001b[1mConversational intent handling › infers a goal and creates an active task thread\u001b[39m\u001b[22m\n\n    \u001b[2mexpect(\u001b[22m\u001b[31mreceived\u001b[39m\u001b[2m).\u001b[22mtoBe\u001b[2m(\u001b[22m\u001b[32mexpected\u001b[39m\u001b[2m) // Object.is equality\u001b[22m\n\n    Expected: \u001b[32mtrue\u001b[39m\n    Received: \u001b[31mfalse\u001b[39m\n\u001b[2m\u001b[22m\n\u001b[2m    \u001b[0m \u001b[90m 141 |\u001b[39m   test(\u001b[32m\"infers a goal and creates an active task thread\"\u001b[39m\u001b[33m,\u001b[39m \u001b[36masync\u001b[39m () \u001b[33m=>\u001b[39m {\u001b[22m\n\u001b[2m     \u001b[90m 142 |\u001b[39m     \u001b[36mconst\u001b[39m result \u001b[33m=\u001b[39m \u001b[36mawait\u001b[39m brain\u001b[33m.\u001b[39mrun(\u001b[32m\"My goal is to make Kempen open 09:00-17:00 on Monday\"\u001b[39m)\u001b[33m;\u001b[39m\u001b[22m\n\u001b[2m    \u001b[31m\u001b[1m>\u001b[22m\u001b[2m\u001b[39m\u001b[90m 143 |\u001b[39m     expect(result\u001b[33m.\u001b[39msuccess)\u001b[33m.\u001b[39mtoBe(\u001b[36mtrue\u001b[39m)\u001b[33m;\u001b[39m\u001b[22m\n\u001b[2m     \u001b[90m     |\u001b[39m                            \u001b[31m\u001b[1m^\u001b[22m\u001b[2m\u001b[39m\u001b[22m\n\u001b[2m     \u001b[90m 144 |\u001b[39m     expect(result\u001b[33m.\u001b[39mdata\u001b[33m?\u001b[39m\u001b[33m.\u001b[39mtaskContext)\u001b[33m.\u001b[39mtoBeDefined()\u001b[33m;\u001b[39m\u001b[22m\n\u001b[2m     \u001b[90m 145 |\u001b[39m     expect(result\u001b[33m.\u001b[39mdata\u001b[33m.\u001b[39mtaskContext\u001b[33m.\u001b[39mactiveTaskThread)\u001b[33m.\u001b[39mtoBeDefined()\u001b[33m;\u001b[39m\u001b[22m\n\u001b[2m     \u001b[90m 146 |\u001b[39m     expect(result\u001b[33m.\u001b[39mdata\u001b[33m.\u001b[39mtaskContext\u001b[33m.\u001b[39minferredGoal)\u001b[33m.\u001b[39mtoBeDefined()\u001b[33m;\u001b[39m\u001b[0m\u001b[22m\n\u001b[2m\u001b[22m\n\u001b[2m      \u001b[2mat Object.<anonymous> (\u001b[22m\u001b[2m\u001b[0m\u001b[36msrc/agent/tests/conversation.test.ts\u001b[39m\u001b[0m\u001b[2m:143:28)\u001b[22m\u001b[2m\u001b[22m\n","name":"D:\\Concordia\\Concordia-Backend\\src\\agent\\tests\\conversation.test.ts","startTime":1779180675280,"status":"failed","summary":""},{"assertionResults":[{"ancestorTitles":["Global operations"],"duration":8,"failing":false,"failureDetails":[{"matcherResult":{"actual":"09:00","expected":"10:00","message":"\u001b[2mexpect(\u001b[22m\u001b[31mreceived\u001b[39m\u001b[2m).\u001b[22mtoBe\u001b[2m(\u001b[22m\u001b[32mexpected\u001b[39m\u001b[2m) // Object.is equality\u001b[22m\n\nExpected: \u001b[32m\"\u001b[7m1\u001b[27m0:00\"\u001b[39m\nReceived: \u001b[31m\"0\u001b[7m9\u001b[27m:00\"\u001b[39m","name":"toBe","pass":false}}],"failureMessages":["Error: \u001b[2mexpect(\u001b[22m\u001b[31mreceived\u001b[39m\u001b[2m).\u001b[22mtoBe\u001b[2m(\u001b[22m\u001b[32mexpected\u001b[39m\u001b[2m) // Object.is equality\u001b[22m\n\nExpected: \u001b[32m\"\u001b[7m1\u001b[27m0:00\"\u001b[39m\nReceived: \u001b[31m\"0\u001b[7m9\u001b[27m:00\"\u001b[39m\n    at D:\\Concordia\\Concordia-Backend\\src\\agent\\tests\\global.test.ts:89:70\n    at Array.forEach (<anonymous>)\n    at Object.<anonymous> (D:\\Concordia\\Concordia-Backend\\src\\agent\\tests\\global.test.ts:88:27)"],"fullName":"Global operations update_all_branches applies to every branch","invocations":1,"location":null,"numPassingAsserts":2,"retryReasons":[],"startAt":1779180675481,"status":"failed","title":"update_all_branches applies to every branch"},{"ancestorTitles":["Global operations"],"duration":1,"failing":false,"failureDetails":[],"failureMessages":[],"fullName":"Global operations copy_branch_to_others copies source to others","invocations":1,"location":null,"numPassingAsserts":3,"retryReasons":[],"startAt":1779180675494,"status":"passed","title":"copy_branch_to_others copies source to others"},{"ancestorTitles":["Global operations"],"duration":1,"failing":false,"failureDetails":[],"failureMessages":[],"fullName":"Global operations sync_branches uses canonical branch","invocations":1,"location":null,"numPassingAsserts":3,"retryReasons":[],"startAt":1779180675496,"status":"passed","title":"sync_branches uses canonical branch"},{"ancestorTitles":["Global operations"],"duration":1,"failing":false,"failureDetails":[],"failureMessages":[],"fullName":"Global operations compare_branches returns diffs","invocations":1,"location":null,"numPassingAsserts":3,"retryReasons":[],"startAt":1779180675497,"status":"passed","title":"compare_branches returns diffs"},{"ancestorTitles":["Global operations"],"duration":1,"failing":false,"failureDetails":[{"matcherResult":{"message":"\u001b[2mexpect(\u001b[22m\u001b[31mreceived\u001b[39m\u001b[2m).\u001b[22mtoBeGreaterThan\u001b[2m(\u001b[22m\u001b[32mexpected\u001b[39m\u001b[2m)\u001b[22m\n\nExpected: > \u001b[32m0\u001b[39m\nReceived:   \u001b[31m0\u001b[39m","pass":false}}],"failureMessages":["Error: \u001b[2mexpect(\u001b[22m\u001b[31mreceived\u001b[39m\u001b[2m).\u001b[22mtoBeGreaterThan\u001b[2m(\u001b[22m\u001b[32mexpected\u001b[39m\u001b[2m)\u001b[22m\n\nExpected: > \u001b[32m0\u001b[39m\nReceived:   \u001b[31m0\u001b[39m\n    at Object.<anonymous> (D:\\Concordia\\Concordia-Backend\\src\\agent\\tests\\global.test.ts:128:34)"],"fullName":"Global operations undo after global operation","invocations":1,"location":null,"numPassingAsserts":0,"retryReasons":[],"startAt":1779180675499,"status":"failed","title":"undo after global operation"}],"endTime":1779180675509,"message":"\u001b[1m\u001b[31m  \u001b[1m● \u001b[22m\u001b[1mGlobal operations › update_all_branches applies to every branch\u001b[39m\u001b[22m\n\n    \u001b[2mexpect(\u001b[22m\u001b[31mreceived\u001b[39m\u001b[2m).\u001b[22mtoBe\u001b[2m(\u001b[22m\u001b[32mexpected\u001b[39m\u001b[2m) // Object.is equality\u001b[22m\n\n    Expected: \u001b[32m\"\u001b[7m1\u001b[27m0:00\"\u001b[39m\n    Received: \u001b[31m\"0\u001b[7m9\u001b[27m:00\"\u001b[39m\n\u001b[2m\u001b[22m\n\u001b[2m    \u001b[0m \u001b[90m 87 |\u001b[39m     \u001b[36mconst\u001b[39m branches \u001b[33m=\u001b[39m opening\u001b[33m.\u001b[39mdata\u001b[33m.\u001b[39mbranches\u001b[33m;\u001b[39m\u001b[22m\n\u001b[2m     \u001b[90m 88 |\u001b[39m     \u001b[33mObject\u001b[39m\u001b[33m.\u001b[39mkeys(branches)\u001b[33m.\u001b[39mforEach((b) \u001b[33m=>\u001b[39m {\u001b[22m\n\u001b[2m    \u001b[31m\u001b[1m>\u001b[22m\u001b[2m\u001b[39m\u001b[90m 89 |\u001b[39m       expect(branches[b]\u001b[33m.\u001b[39mhours\u001b[33m.\u001b[39mfind((h\u001b[33m:\u001b[39many)\u001b[33m=>\u001b[39mh\u001b[33m.\u001b[39mday\u001b[33m===\u001b[39m\u001b[32m'monday'\u001b[39m)\u001b[33m.\u001b[39mopen)\u001b[33m.\u001b[39mtoBe(\u001b[32m'10:00'\u001b[39m)\u001b[33m;\u001b[39m\u001b[22m\n\u001b[2m     \u001b[90m    |\u001b[39m                                                                      \u001b[31m\u001b[1m^\u001b[22m\u001b[2m\u001b[39m\u001b[22m\n\u001b[2m     \u001b[90m 90 |\u001b[39m     })\u001b[33m;\u001b[39m\u001b[22m\n\u001b[2m     \u001b[90m 91 |\u001b[39m   })\u001b[33m;\u001b[39m\u001b[22m\n\u001b[2m     \u001b[90m 92 |\u001b[39m\u001b[0m\u001b[22m\n\u001b[2m\u001b[22m\n\u001b[2m      \u001b[2mat \u001b
[...]
2m\n\u001b[2m     \u001b[90m 129 |\u001b[39m     expect(\u001b[33mArray\u001b[39m\u001b[33m.\u001b[39misArray(recommendation\u001b[33m.\u001b[39mdata\u001b[33m?\u001b[39m\u001b[33m.\u001b[39mrecommendations))\u001b[33m.\u001b[39mtoBe(\u001b[36mtrue\u001b[39m)\u001b[33m;\u001b[39m\u001b[22m\n\u001b[2m     \u001b[90m 130 |\u001b[39m   })\u001b[33m;\u001b[39m\u001b[22m\n\u001b[2m     \u001b[90m 131 |\u001b[39m })\u001b[33m;\u001b[39m\u001b[0m\u001b[22m\n\u001b[2m\u001b[22m\n\u001b[2m      \u001b[2mat Object.<anonymous> (\u001b[22m\u001b[2m\u001b[0m\u001b[36msrc/agent/tests/crossdomain.test.ts\u001b[39m\u001b[0m\u001b[2m:128:35)\u001b[22m\u001b[2m\u001b[22m\n","name":"D:\\Concordia\\Concordia-Backend\\src\\agent\\tests\\crossdomain.test.ts","startTime":1779180675687,"status":"failed","summary":""},{"assertionResults":[{"ancestorTitles":["Prisma Client","connect"],"duration":287,"failing":false,"failureDetails":[],"failureMessages":[],"fullName":"Prisma Client connect should connect to the database","invocations":1,"location":null,"numPassingAsserts":1,"retryReasons":[],"startAt":1779180675928,"status":"passed","title":"should connect to the database"},{"ancestorTitles":["Prisma Client","disconnect"],"duration":16,"failing":false,"failureDetails":[],"failureMessages":[],"fullName":"Prisma Client disconnect should disconnect from the database","invocations":1,"location":null,"numPassingAsserts":1,"retryReasons":[],"startAt":1779180676218,"status":"passed","title":"should disconnect from the database"},{"ancestorTitles":["Prisma Client","query execution"],"duration":339,"failing":false,"failureDetails":[],"failureMessages":[],"fullName":"Prisma Client query execution should execute a simple query","invocations":1,"location":null,"numPassingAsserts":1,"retryReasons":[],"startAt":1779180676235,"status":"passed","title":"should execute a simple query"}],"endTime":1779180676577,"message":"","name":"D:\\Concordia\\Concordia-Backend\\tests\\prisma.test.ts","startTime":1779180675804,"status":"passed","summary":""},{"assertionResults":[{"ancestorTitles":["Orchestrator (PHASE G15) basic behaviors"],"duration":30,"failing":false,"failureDetails":[],"failureMessages":[],"fullName":"Orchestrator (PHASE G15) basic behaviors schedules and runs a simple plan_step task","invocations":1,"location":null,"numPassingAsserts":5,"retryReasons":[],"startAt":1779180676673,"status":"passed","title":"schedules and runs a simple plan_step task"},{"ancestorTitles":["Orchestrator (PHASE G15) basic behaviors"],"duration":297,"failing":false,"failureDetails":[],"failureMessages":[],"fullName":"Orchestrator (PHASE G15) basic behaviors delayed execution does not start before scheduled time","invocations":1,"location":null,"numPassingAsserts":2,"retryReasons":[],"startAt":1779180676704,"status":"passed","title":"delayed execution does not start before scheduled time"},{"ancestorTitles":["Orchestrator (PHASE G15) basic behaviors"],"duration":29,"failing":false,"failureDetails":[],"failureMessages":[],"fullName":"Orchestrator (PHASE G15) basic behaviors recurring tasks are rescheduled after completion","invocations":1,"location":null,"numPassingAsserts":1,"retryReasons":[],"startAt":1779180677002,"status":"passed","title":"recurring tasks are rescheduled after completion"},{"ancestorTitles":["Orchestrator (PHASE G15) basic behaviors"],"duration":29,"failing":false,"failureDetails":[],"failureMessages":[],"fullName":"Orchestrator (PHASE G15) basic behaviors parallel tasks start up to concurrency limit","invocations":1,"location":null,"numPassingAsserts":1,"retryReasons":[],"startAt":1779180677032,"status":"passed","title":"parallel tasks start up to concurrency limit"},{"ancestorTitles":["Orchestrator (PHASE G15) basic behaviors"],"duration":62,"failing":false,"failureDetails":[],"failureMessages":[],"fullName":"Orchestrator (PHASE G15) basic behaviors dependent tasks run after dependency completes","invocations":1,"location":null,"numPassingAsserts":2,"retryReasons":[],"startAt":1779180677062,"status":"passed","title":"dependent tasks run after dependency completes"},{"ancestorTitles":["Orchestrator (PHASE G15) basic behaviors"],"duration":1,"failing":false,"failureDetails":[],"failureMessages":[],"fullName":"Orchestrator (PHASE G15) basic behaviors cancellation removes queued tasks","invocations":1,"location":null,"numPassingAsserts":3,"retryReasons":[],"startAt":1779180677125,"status":"passed","title":"cancellation removes queued tasks"}],"endTime":1779180677127,"message":"","name":"D:\\Concordia\\Concordia-Backend\\src\\agent\\tests\\orchestrator.test.ts","startTime":1779180676582,"status":"passed","summary":""},{"assertionResults":[{"ancestorTitles":["Autonomous planning engine"],"duration":4,"failing":false,"failureDetails":[],"failureMessages":[],"fullName":"Autonomous planning engine generates a multi-step plan for Christmas week","invocations":1,"location":null,"numPassingAsserts":6,"retryReasons":[],"startAt":1779180677229,"status":"passed","title":"generates a multi-step plan for Christmas week"},{"ancestorTitles":["Autonomous planning engine"],"duration":2,"failing":false,"failureDetails":[],"failureMessages":[],"fullName":"Autonomous planning engine executes a generated plan end to end","invocations":1,"location":null,"numPassingAsserts":5,"retryReasons":[],"startAt":1779180677235,"status":"passed","title":"executes a generated plan end to end"},{"ancestorTitles":["Autonomous planning engine"],"duration":1,"failing":false,"failureDetails":[],"failureMessages":[],"fullName":"Autonomous planning engine rolls back prior updates when a later plan step fails","invocations":1,"location":null,"numPassingAsserts":5,"retryReasons":[],"startAt":1779180677238,"status":"passed","title":"rolls back prior updates when a later plan step fails"},{"ancestorTitles":["Autonomous planning engine"],"duration":1,"failing":false,"failureDetails":[],"failureMessages":[],"fullName":"Autonomous planning engine cancels an active plan when the user says No","invocations":1,"location":null,"numPassingAsserts":5,"retryReasons":[],"startAt":1779180677240,"status":"passed","title":"cancels an active plan when the user says No"},{"ancestorTitles":["Autonomous planning engine"],"duration":1,"failing":false,"failureDetails":[],"failureMessages":[],"fullName":"Autonomous planning engine pauses and resumes an active plan","invocations":1,"location":null,"numPassingAsserts":6,"retryReasons":[],"startAt":1779180677242,"status":"passed","title":"pauses and resumes an active plan"}],"endTime":1779180677244,"message":"","name":"D:\\Concordia\\Concordia-Backend\\src\\agent\\tests\\planning.test.ts","startTime":1779180677135,"status":"passed","summary":""},{"assertionResults":[{"ancestorTitles":["Long-term memory and knowledge consolidation"],"duration":4,"failing":false,"failureDetails":[],"failureMessages":[],"fullName":"Long-term memory and knowledge consolidation stores a long-term fact and syncs memory state","invocations":1,"location":null,"numPassingAsserts":7,"retryReasons":[],"startAt":1779180677345,"status":"passed","title":"stores a long-term fact and syncs memory state"},{"ancestorTitles":["Long-term memory and knowledge consolidation"],"duration":15,"failing":false,"failureDetails":[],"failureMessages":[],"fullName":"Long-term memory and knowledge consolidation generates long-term insights from stored memory","invocations":1,"location":null,"numPassingAsserts":5,"retryReasons":[],"startAt":1779180677350,"status":"passed","title":"generates long-term insights from stored memory"},{"ancestorTitles":["Long-term memory and knowledge consolidation"],"duration":3,"failing":false,"failureDetails":[],"failureMessages":[],"fullName":"Long-term memory and knowledge consolidation updates the memory graph on graph queries","invocations":1,"location":null,"numPassingAsserts":5,"retryReasons":[],"startAt":1779180677366,"status":"passed","title":"updates the memory graph on graph queries"},{"ancestorTitles":["Long-term memory and knowledge consolidation"],"duration":1,"failing":false,"failureDetails":[],"failureMessages":[],"fullName":"Long-term memory and knowledge consolidation compares last year memory history when requested","invocations":1,"location":null,"numPassingAsserts":4,"retryReasons":[],"startAt":1779180677369,"status":"passed","title":"compares last year memory history when requested"},{"ancestorTitles":["Long-term memory and knowledge consolidation"],"duration":1,"failing":false,"failureDetails":[],"failureMessages":[],"fullName":"Long-term memory and knowledge consolidation forgets the latest long-term memory entry on generic forget requests","invocations":1,"location":null,"numPassingAsserts":3,"retryReasons":[],"startAt":1779180677371,"status":"passed","title":"forgets the latest long-term memory entry on generic forget requests"}],"endTime":1779180677374,"message":"","name":"D:\\Concordia\\Concordia-Backend\\src\\agent\\tests\\longterm.test.ts","startTime":1779180677262,"status":"passed","summary":""},{"assertionResults":[{"ancestorTitles":["Multi-Agent Collaboration & Delegation"],"duration":2,"failing":false,"failureDetails":[],"failureMessages":[],"fullName":"Multi-Agent Collaboration & Delegation spawns sub-agents","invocations":1,"location":null,"numPassingAsserts":3,"retryReasons":[],"startAt":1779180677456,"status":"passed","title":"spawns sub-agents"},{"ancestorTitles":["Multi-Agent Collaboration & Delegation"],"duration":0,"failing":false,"failureDetails":[],"failureMessages":[],"fullName":"Multi-Agent Collaboration & Delegation delegates tasks to sub-agents","invocations":1,"location":null,"numPassingAsserts":2,"retryReasons":[],"startAt":1779180677459,"status":"passed","title":"delegates tasks to sub-agents"},{"ancestorTitles":["Multi-Agent Collaboration & Delegation"],"duration":1,"failing":false,"failureDetails":[],"failureMessages":[],"fullName":"Multi-Agent Collaboration & Delegation executes distributed plan","invocations":1,"location":null,"numPassingAsserts":2,"retryReasons":[],"startAt":1779180677460,"status":"passed","title":"executes distributed plan"},{"ancestorTitles":["Multi-Agent Collaboration & Delegation"],"duration":1,"failing":false,"failureDetails":[],"failureMessages":[],"fullName":"Multi-Agent Collaboration & Delegation runs parallel steps","invocations":1,"location":null,"numPassingAsserts":2,"retryReasons":[],"startAt":1779180677461,"status":"passed","title":"runs parallel steps"},{"ancestorTitles":["Multi-Agent Collaboration & Delegation"],"duration":1,"failing":false,"failureDetails":[],"failureMessages":[],"fullName":"Multi-Agent Collaboration & Delegation merges distributed outputs","invocations":1,"location":null,"numPassingAsserts":1,"retryReasons":[],"startAt":1779180677462,"status":"passed","title":"merges distributed outputs"},{"ancestorTitles":["Multi-Agent Collaboration & Delegation"],"duration":1,"failing":false,"failureDetails":[],"failureMessages":[],"fullName":"Multi-Agent Collaboration & Delegation resolves agent conflicts","invocations":1,"location":null,"numPassingAsserts":1,"retryReasons":[],"startAt":1779180677463,"status":"passed","title":"resolves agent conflicts"},{"ancestorTitles":["Multi-Agent Collaboration & Delegation"],"duration":3,"failing":false,"failureDetails":[],"failureMessages":[],"fullName":"Multi-Agent Collaboration & Delegation handles multi-agent follow-ups","invocations":1,"location":null,"numPassingAsserts":2,"retryReasons":[],"startAt":1779180677464,"status":"passed","title":"handles multi-agent follow-ups"}],"endTime":1779180677469,"message":"","name":"D:\\Concordia\\Concordia-Backend\\src\\agent\\tests\\multiagent.test.ts","startTime":1779180677379,"status":"passed","summary":""},{"assertionResults":[{"ancestorTitles":["Recommendation and analysis engine"],"duration":4,"failing":false,"failureDetails":[],"failureMessages":[],"fullName":"Recommendation and analysis engine returns recommendations for schedule, holiday, and zone analysis","invocations":1,"location":null,"numPassingAsserts":5,"retryReasons":[],"startAt":1779180677561,"status":"passed","title":"returns recommendations for schedule, holiday, and zone analysis"},{"ancestorTitles":["Recommendation and analysis engine"],"duration":3,"failing":false,"failureDetails":[],"failureMessages":[],"fullName":"Recommendation and analysis engine stores recommendations in memory and answers follow-up requests","invocations":1,"location":null,"numPassingAsserts":5,"retryReasons":[],"startAt":1779180677565,"status":"passed","title":"stores recommendations in memory and answers follow-up requests"},{"ancestorTitles":["Recommendation and analysis engine"],"duration":2,"failing":false,"failureDetails":[],"failureMessages":[],"fullName":"Recommendation and analysis engine applies the top recommendation when requested","invocations":1,"location":null,"numPassingAsserts":4,"retryReasons":[],"startAt":1779180677568,"status":"passed","title":"applies the top recommendation when requested"}],"endTime":1779180677571,"message":"","name":"D:\\Concordia\\Concordia-Backend\\src\\agent\\tests\\recommendations.test.ts","startTime":1779180677474,"status":"passed","summary":""},{"assertionResults":[{"ancestorTitles":["Reporting engine"],"duration":3,"failing":false,"failureDetails":[],"failureMessages":[],"fullName":"Reporting engine generates operational summary","invocations":1,"location":null,"numPassingAsserts":4,"retryReasons":[],"startAt":1779180677659,"status":"passed","title":"generates operational summary"},{"ancestorTitles":["Reporting engine"],"duration":1,"failing":false,"failureDetails":[],"failureMessages":[],"fullName":"Reporting engine generates holiday readiness report","invocations":1,"location":null,"numPassingAsserts":2,"retryReasons":[],"startAt":1779180677663,"status":"passed","title":"generates holiday readiness report"},{"ancestorTitles":["Reporting engine"],"duration":1,"failing":false,"failureDetails":[],"failureMessages":[],"fullName":"Reporting engine generates delivery zone report","invocations":1,"location":null,"numPassingAsserts":2,"retryReasons":[],"startAt":1779180677664,"status":"passed","title":"generates delivery zone report"},{"ancestorTitles":["Reporting engine"],"duration":1,"failing":false,"failureDetails":[],"failureMessages":[],"fullName":"Reporting engine generates cross-branch consistency report","invocations":1,"location":null,"numPassingAsserts":2,"retryReasons":[],"startAt":1779180677665,"status":"passed","title":"generates cross-branch consistency report"},{"ancestorTitles":["Reporting engine"],"duration":2,"failing":false,"failureDetails":[],"failureMessages":[],"fullName":"Reporting engine generates full system report","invocations":1,"location":null,"numPassingAsserts":2,"retryReasons":[],"startAt":1779180677667,"status":"passed","title":"generates full system report"},{"ancestorTitles":["Reporting engine"],"duration":3,"failing":false,"failureDetails":[],"failureMessages":[],"fullName":"Reporting engine report follow-up expand and export","invocations":1,"location":null,"numPassingAsserts":3,"retryReasons":[],"startAt":1779180677669,"status":"passed","title":"report follow-up expand and export"}],"endTime":1779180677673,"message":"","name":"D:\\Concordia\\Concordia-Backend\\src\\agent\\tests\\reports.test.ts","startTime":1779180677577,"status":"passed","summary":""},{"assertionResults":[{"ancestorTitles":["auth tests"],"duration":1,"failing":false,"failureDetails":[],"failureMessages":[],"fullName":"auth tests placeholder test 1","invocations":1,"location":null,"numPassingAsserts":1,"retryReasons":[],"startAt":1779180677765,"status":"passed","title":"placeholder test 1"},{"ancestorTitles":["auth tests"],"duration":1,"failing":false,"failureDetails":[],"failureMessages":[],"fullName":"auth tests placeholder test 2","invocations":1,"location":null,"numPassingAsserts":1,"retryReasons":[],"startAt":1779180677767,"status":"passed","title":"placeholder test 2"}],"endTime":1779180677769,"message":"","name":"D:\\Concordia\\Concordia-Backend\\tests\\auth.test.ts","startTime":1779180677678,"status":"passed","summary":""},{"assertionResults":[{"ancestorTitles":["orders tests"],"duration":1,"failing":false,"failureDetails":[],"failureMessages":[],"fullName":"orders tests placeholder test 1","invocations":1,"location":null,"numPassingAsserts":1,"retryReasons":[],"startAt":1779180677866,"status":"passed","title":"placeholder test 1"},{"ancestorTitles":["orders tests"],"duration":0,"failing":false,"failureDetails":[],"failureMessages":[],"fullName":"orders tests placeholder test 2","invocations":1,"location":null,"numPassingAsserts":1,"retryReasons":[],"startAt":1779180677869,"status":"passed","title":"placeholder test 2"}],"endTime":1779180677870,"message":"","name":"D:\\Concordia\\Concordia-Backend\\tests\\orders.test.ts","startTime":1779180677791,"status":"passed","summary":""},{"assertionResults":[{"ancestorTitles":["users tests"],"duration":1,"failing":false,"failureDetails":[],"failureMessages":[],"fullName":"users tests placeholder test 1","invocations":1,"location":null,"numPassingAsserts":1,"retryReasons":[],"startAt":1779180677956,"status":"passed","title":"placeholder test 1"},{"ancestorTitles":["users tests"],"duration":0,"failing":false,"failureDetails":[],"failureMessages":[],"fullName":"users tests placeholder test 2","invocations":1,"location":null,"numPassingAsserts":1,"retryReasons":[],"startAt":1779180677958,"status":"passed","title":"placeholder test 2"}],"endTime":1779180677960,"message":"","name":"D:\\Concordia\\Concordia-Backend\\tests\\users.test.ts","startTime":1779180677874,"status":"passed","summary":""},{"assertionResults":[{"ancestorTitles":["utils tests"],"duration":1,"failing":false,"failureDetails":[],"failureMessages":[],"fullName":"utils tests placeholder test 1","invocations":1,"location":null,"numPassingAsserts":1,"retryReasons":[],"startAt":1779180678046,"status":"passed","title":"placeholder test 1"},{"ancestorTitles":["utils tests"],"duration":0,"failing":false,"failureDetails":[],"failureMessages":[],"fullName":"utils tests placeholder test 2","invocations":1,"location":null,"numPassingAsserts":1,"retryReasons":[],"startAt":1779180678048,"status":"passed","title":"placeholder test 2"}],"endTime":1779180678051,"message":"","name":"D:\\Concordia\\Concordia-Backend\\tests\\utils.test.ts","startTime":1779180677964,"status":"passed","summary":""},{"assertionResults":[{"ancestorTitles":["products tests"],"duration":1,"failing":false,"failureDetails":[],"failureMessages":[],"fullName":"products tests placeholder test 1","invocations":1,"location":null,"numPassingAsserts":1,"retryReasons":[],"startAt":1779180678129,"status":"passed","title":"placeholder test 1"},{"ancestorTitles":["products tests"],"duration":1,"failing":false,"failureDetails":[],"failureMessages":[],"fullName":"products tests placeholder test 2","invocations":1,"location":null,"numPassingAsserts":1,"retryReasons":[],"startAt":1779180678130,"status":"passed","title":"placeholder test 2"}],"endTime":1779180678132,"message":"","name":"D:\\Concordia\\Concordia-Backend\\tests\\products.test.ts","startTime":1779180678056,"status":"passed","summary":""},{"assertionResults":[{"ancestorTitles":["Admins Module"],"duration":1,"failing":false,"failureDetails":[],"failureMessages":[],"fullName":"Admins Module placeholder test 1","invocations":1,"location":null,"numPassingAsserts":1,"retryReasons":[],"startAt":1779180678211,"status":"passed","title":"placeholder test 1"},{"ancestorTitles":["Admins Module"],"duration":0,"failing":false,"failureDetails":[],"failureMessages":[],"fullName":"Admins Module placeholder test 2","invocations":1,"location":null,"numPassingAsserts":1,"retryReasons":[],"startAt":1779180678213,"status":"passed","title":"placeholder test 2"}],"endTime":1779180678214,"message":"","name":"D:\\Concordia\\Concordia-Backend\\tests\\admins.test.ts","startTime":1779180678137,"status":"passed","summary":""}],"wasInterrupted":false}
